2021-06-20 23:01:30 --- Gateway Monitor Reset<br>
2021-06-20 22:35:37 --- Gateway Monitor Reset<br>
2021-06-21 00:40:48 --- Log has been reset<br>
2021-06-21 00:40:42 --- Gateway Monitor Reset<br>
2021-06-21 00:40:31 --- Gateway Monitor Reset<br>
2021-06-21 00:39:22 --- WANTERTIARY_DHCP 20Mb went down<br>
2021-06-21 00:35:20 --- Gateway Monitor Reset<br>
2021-06-21 00:35:15 --- Gateway Monitor Reset<br>
2021-06-21 00:27:42 --- Netherlands VPN went down<br>
2021-06-21 00:27:12 --- Gateway Monitor Reset<br>
2021-06-21 00:25:20 --- WANGW 75Mb went down<br>
2021-06-21 00:25:01 --- Netherlands VPN went down<br>
2021-06-20 22:47:35 --- Gateway Monitor Reset<br>
2021-06-20 22:45:47 --- MGMT VPN went down<br>
2021-06-20 22:44:36 --- Gateway Monitor Reset<br>
2021-06-20 22:43:39 --- MGMT VPN went down<br>
2021-06-20 22:42:53 --- Gateway Monitor Reset<br>
2021-06-20 22:38:54 --- MGMT VPN went down<br>
2021-06-20 22:38:45 --- WANGW 75Mb went down<br>
2021-06-20 22:38:30 --- Netherlands VPN went down<br>
2021-06-20 21:34:18 --- Gateway Monitor Reset<br>
2021-06-20 20:48:15 --- Netherlands VPN went down<br>
2021-06-20 20:40:46 --- MGMT VPN went down<br>
2021-06-20 20:13:30 --- Gateway Monitor Reset<br>
2021-06-20 19:49:02 --- London VPN went down<br>
2021-06-20 19:36:40 --- MGMT VPN went down<br>
2021-06-20 19:20:05 --- WANGW 75Mb went down<br>
2021-06-20 19:20:04 --- Netherlands VPN went down<br>
2021-06-20 19:19:02 --- Gateway Monitor Reset<br>
2021-06-20 19:18:11 --- Netherlands VPN went down<br>
2021-06-20 19:17:09 --- WANGW 75Mb went down<br>
2021-06-20 19:17:06 --- Gateway Monitor Reset<br>
2021-06-20 19:13:10 --- WANGW 75Mb went down<br>
2021-06-20 19:13:05 --- Netherlands VPN went down<br>
2021-06-20 19:08:39 --- Gateway Monitor Reset<br>
2021-06-20 19:06:52 --- WANGW 75Mb went down<br>
2021-06-20 19:06:47 --- Netherlands VPN went down<br>
2021-06-20 19:06:34 --- Gateway Monitor Reset<br>
2021-06-20 19:03:36 --- WANGW 75Mb went down<br>
2021-06-20 19:03:32 --- Netherlands VPN went down<br>
2021-06-20 19:02:54 --- Gateway Monitor Reset<br>
2021-06-20 19:02:49 --- Gateway Monitor Reset<br>
2021-06-20 18:56:30 --- WANGW 75Mb went down<br>
2021-06-20 18:24:22 --- Netherlands VPN went down<br>
2021-06-20 15:59:52 --- Gateway Monitor Reset<br>
2021-06-20 15:53:03 --- WANGW 75Mb went down<br>
2021-06-20 15:52:42 --- Netherlands VPN went down<br>
2021-06-20 14:33:10 --- Gateway Monitor Reset<br>
2021-06-20 13:13:31 --- WANGW 75Mb went down<br>
2021-06-20 12:53:54 --- Netherlands VPN went down<br>
2021-06-20 10:57:17 --- Gateway Monitor Reset<br>
2021-06-20 10:57:13 --- Gateway Monitor Reset<br>
2021-06-20 10:57:09 --- Gateway Monitor Reset<br>
2021-06-20 10:57:04 --- Gateway Monitor Reset<br>
2021-06-20 10:57:00 --- Gateway Monitor Reset<br>
2021-06-20 10:56:56 --- Gateway Monitor Reset<br>
2021-06-20 10:56:52 --- Gateway Monitor Reset<br>
2021-06-20 10:43:18 --- Netherlands VPN went down<br>
2021-06-20 09:01:07 --- Gateway Monitor Reset<br>
2021-06-20 08:56:47 --- Netherlands VPN went down<br>
2021-06-20 07:15:37 --- Gateway Monitor Reset<br>
2021-06-20 07:13:21 --- WANGW 75Mb went down<br>
2021-06-20 07:13:11 --- Netherlands VPN went down<br>
2021-06-20 07:13:09 --- Gateway Monitor Reset<br>
2021-06-20 07:12:12 --- WANGW 75Mb went down<br>
2021-06-20 04:05:01 --- Netherlands VPN went down<br>
2021-06-20 02:22:38 --- Gateway Monitor Reset<br>
2021-06-20 02:12:24 --- WANGW 75Mb went down<br>
2021-06-20 00:31:06 --- Netherlands VPN went down<br>
2021-06-20 00:28:15 --- Gateway Monitor Reset<br>
2021-06-20 00:07:28 --- Netherlands VPN went down<br>
2021-06-19 23:12:39 --- Gateway Monitor Reset<br>
2021-06-19 22:30:12 --- WANGW 75Mb went down<br>
2021-06-19 22:28:51 --- Netherlands VPN went down<br>
2021-06-19 21:10:35 --- Gateway Monitor Reset<br>
2021-06-19 20:43:12 --- Netherlands VPN went down<br>
2021-06-19 18:33:47 --- Gateway Monitor Reset<br>
2021-06-19 18:21:58 --- Netherlands VPN went down<br>
2021-06-19 15:45:03 --- Gateway Monitor Reset<br>
2021-06-19 15:43:45 --- Netherlands VPN went down<br>
2021-06-19 13:33:43 --- Gateway Monitor Reset<br>
2021-06-19 13:27:45 --- Netherlands VPN went down<br>
2021-06-19 11:10:10 --- Gateway Monitor Reset<br>
2021-06-19 11:04:02 --- Netherlands VPN went down<br>
2021-06-19 08:52:51 --- Gateway Monitor Reset<br>
2021-06-19 07:48:26 --- Netherlands VPN went down<br>
2021-06-19 07:33:20 --- WANGW 75Mb went down<br>
2021-06-19 06:23:24 --- Gateway Monitor Reset<br>
2021-06-19 06:13:56 --- Netherlands VPN went down<br>
2021-06-19 04:39:16 --- Gateway Monitor Reset<br>
2021-06-19 04:17:34 --- Netherlands VPN went down<br>
2021-06-19 02:42:35 --- Gateway Monitor Reset<br>
2021-06-19 02:40:32 --- WANGW 75Mb went down<br>
2021-06-19 02:40:29 --- Netherlands VPN went down<br>
2021-06-19 00:23:56 --- Gateway Monitor Reset<br>
2021-06-19 00:23:52 --- Gateway Monitor Reset<br>
2021-06-19 00:19:59 --- WANGW 75Mb went down<br>
2021-06-18 22:32:53 --- Netherlands VPN went down<br>
2021-06-18 21:02:36 --- Gateway Monitor Reset<br>
2021-06-18 20:39:38 --- WANGW 75Mb went down<br>
2021-06-18 20:39:14 --- Netherlands VPN went down<br>
2021-06-18 18:41:07 --- Gateway Monitor Reset<br>
2021-06-18 18:34:28 --- WANGW 75Mb went down<br>
2021-06-18 18:33:42 --- Netherlands VPN went down<br>
2021-06-18 18:32:39 --- Gateway Monitor Reset<br>
2021-06-18 18:30:17 --- WANGW 75Mb went down<br>
2021-06-18 18:30:12 --- Netherlands VPN went down<br>
2021-06-18 18:29:03 --- Gateway Monitor Reset<br>
2021-06-18 18:26:18 --- Netherlands VPN went down<br>
2021-06-18 16:00:35 --- Gateway Monitor Reset<br>
2021-06-18 15:51:19 --- Netherlands VPN went down<br>
2021-06-18 15:49:50 --- Gateway Monitor Reset<br>
2021-06-18 15:47:31 --- WANGW 75Mb went down<br>
2021-06-18 15:45:20 --- Netherlands VPN went down<br>
2021-06-18 14:17:25 --- Gateway Monitor Reset<br>
2021-06-18 14:17:21 --- Gateway Monitor Reset<br>
2021-06-18 10:20:51 --- WANGW 75Mb went down<br>
2021-06-18 10:19:15 --- Netherlands VPN went down<br>
2021-06-18 09:03:26 --- Gateway Monitor Reset<br>
2021-06-18 08:13:17 --- Netherlands VPN went down<br>
2021-06-18 07:35:24 --- WANGW 75Mb went down<br>
2021-06-18 06:40:48 --- Gateway Monitor Reset<br>
2021-06-18 06:31:45 --- WANGW 75Mb went down<br>
2021-06-18 06:31:30 --- Netherlands VPN went down<br>
2021-06-18 05:45:02 --- Gateway Monitor Reset<br>
2021-06-18 05:44:58 --- Gateway Monitor Reset<br>
2021-06-18 05:36:14 --- Gateway Monitor Reset<br>
2021-06-18 05:22:42 --- Netherlands VPN went down<br>
2021-06-18 05:17:27 --- Gateway Monitor Reset<br>
2021-06-18 04:41:11 --- Gateway Monitor Reset<br>
2021-06-18 04:41:07 --- Gateway Monitor Reset<br>
2021-06-18 04:41:02 --- WANGW 75Mb went down<br>
2021-06-18 04:41:02 --- Gateway Monitor Reset<br>
2021-06-18 04:40:52 --- WANGW 75Mb went down<br>
2021-06-18 04:40:37 --- Netherlands VPN went down<br>
2021-06-18 04:15:29 --- Gateway Monitor Reset<br>
2021-06-18 03:23:45 --- Gateway Monitor Reset<br>
2021-06-18 03:11:25 --- WANGW 75Mb went down<br>
2021-06-18 03:11:10 --- Netherlands VPN went down<br>
2021-06-18 01:48:44 --- Gateway Monitor Reset<br>
2021-06-18 01:48:43 --- Gateway Monitor Reset<br>
2021-06-18 01:26:18 --- Netherlands VPN went down<br>
2021-06-18 00:14:19 --- Gateway Monitor Reset<br>
2021-06-17 23:43:36 --- WANGW 75Mb went down<br>
2021-06-17 23:43:11 --- Netherlands VPN went down<br>
2021-06-17 22:26:45 --- Gateway Monitor Reset<br>
2021-06-17 21:57:57 --- Netherlands VPN went down<br>
2021-06-17 21:43:14 --- Log has been reset<br>
2021-06-17 20:37:36 --- Gateway Monitor Reset<br>
2021-06-17 20:19:52 --- Netherlands VPN went down<br>
2021-06-17 20:19:40 --- Gateway Monitor Reset<br>
2021-06-17 20:19:24 --- Netherlands VPN went down<br>
2021-06-17 17:34:17 --- Gateway Monitor Reset<br>
2021-06-17 17:28:55 --- Netherlands VPN went down<br>
2021-06-17 17:28:55 --- WANGW 75Mb went down<br>
2021-06-17 15:10:29 --- Gateway Monitor Reset<br>
2021-06-17 15:08:27 --- Netherlands VPN went down<br>
2021-06-17 15:08:09 --- Gateway Monitor Reset<br>
2021-06-17 15:07:24 --- Netherlands VPN went down<br>
2021-06-17 15:06:39 --- WANGW 75Mb went down<br>
2021-06-17 14:17:38 --- Gateway Monitor Reset<br>
2021-06-17 08:34:45 --- Netherlands VPN went down<br>
2021-06-17 08:33:03 --- WANGW 75Mb went down<br>
2021-06-17 08:31:54 --- Gateway Monitor Reset<br>
2021-06-17 08:30:25 --- WANGW 75Mb went down<br>
2021-06-17 07:17:19 --- Gateway Monitor Reset<br>
2021-06-17 07:13:27 --- WANGW 75Mb went down<br>
2021-06-17 07:13:17 --- Netherlands VPN went down<br>
2021-06-17 06:14:55 --- Gateway Monitor Reset<br>
2021-06-17 06:06:48 --- WANGW 75Mb went down<br>
2021-06-17 06:06:33 --- Netherlands VPN went down<br>
2021-06-17 04:48:46 --- Gateway Monitor Reset<br>
2021-06-17 04:40:30 --- Netherlands VPN went down<br>
2021-06-17 04:40:30 --- WANGW 75Mb went down<br>
2021-06-17 03:24:08 --- Gateway Monitor Reset<br>
2021-06-17 03:22:52 --- Netherlands VPN went down<br>
2021-06-17 03:22:47 --- WANGW 75Mb went down<br>
2021-06-17 01:56:39 --- Gateway Monitor Reset<br>
2021-06-17 01:41:04 --- Netherlands VPN went down<br>
2021-06-17 01:37:59 --- Gateway Monitor Reset<br>
2021-06-17 00:11:18 --- WANGW 75Mb went down<br>
2021-06-17 00:11:03 --- Netherlands VPN went down<br>
2021-06-16 23:10:55 --- Gateway Monitor Reset<br>
2021-06-16 22:46:49 --- WANGW 75Mb went down<br>
2021-06-15 20:47:02 --- Gateway Monitor Reset<br>
2021-06-15 20:13:38 --- Netherlands VPN went down<br>
2021-06-15 18:51:53 --- Gateway Monitor Reset<br>
2021-06-15 18:17:16 --- WANGW 75Mb went down<br>
2021-06-15 18:17:01 --- Netherlands VPN went down<br>
2021-06-15 16:07:15 --- Gateway Monitor Reset<br>
2021-06-15 16:03:26 --- Netherlands VPN went down<br>
2021-06-15 13:20:15 --- Gateway Monitor Reset<br>
2021-06-15 13:07:18 --- Netherlands VPN went down<br>
2021-06-15 11:50:16 --- Gateway Monitor Reset<br>
2021-06-15 01:09:11 --- Gateway Monitor Reset<br>
2021-06-15 01:01:54 --- WANGW 75Mb went down<br>
2021-06-15 01:00:30 --- Netherlands VPN went down<br>
2021-06-15 00:59:06 --- Gateway Monitor Reset<br>
2021-06-15 00:54:02 --- WANGW 75Mb went down<br>
2021-06-15 00:53:52 --- Netherlands VPN went down<br>
2021-06-14 22:49:19 --- Gateway Monitor Reset<br>
2021-06-14 22:46:03 --- Netherlands VPN went down<br>
2021-06-14 20:47:15 --- Gateway Monitor Reset<br>
2021-06-14 20:41:10 --- Netherlands VPN went down<br>
2021-06-14 19:26:20 --- Gateway Monitor Reset<br>
2021-06-14 18:38:41 --- WANGW 75Mb went down<br>
2021-06-14 18:34:22 --- Gateway Monitor Reset<br>
2021-06-14 18:34:04 --- WANGW 75Mb went down<br>
2021-06-14 18:33:49 --- Netherlands VPN went down<br>
2021-06-14 18:05:12 --- Gateway Monitor Reset<br>
2021-06-14 16:17:11 --- WANGW 75Mb went down<br>
2021-06-14 16:17:01 --- Netherlands VPN went down<br>
2021-06-14 05:38:47 --- Gateway Monitor Reset<br>
2021-06-14 05:33:16 --- WANGW 75Mb went down<br>
2021-06-14 05:07:34 --- Gateway Monitor Reset<br>
2021-06-14 04:58:13 --- WANGW 75Mb went down<br>
2021-06-14 03:27:43 --- Gateway Monitor Reset<br>
2021-06-14 00:35:03 --- WANTERTIARY_DHCP 20Mb went down<br>
2021-06-13 06:01:16 --- Gateway Monitor Reset<br>
2021-06-13 05:35:17 --- WANGW 75Mb went down<br>
2021-06-13 05:04:05 --- Gateway Monitor Reset<br>
2021-06-13 04:58:20 --- WANGW 75Mb went down<br>
2021-06-12 06:50:45 --- Gateway Monitor Reset<br>
2021-06-12 06:10:25 --- WANGW 75Mb went down<br>
2021-06-12 06:02:12 --- Gateway Monitor Reset<br>
2021-06-12 05:36:22 --- WANGW 75Mb went down<br>
2021-06-11 07:11:39 --- Gateway Monitor Reset<br>
2021-06-11 05:01:26 --- WANGW 75Mb went down<br>
2021-06- 9 08:43:33 --- Gateway Monitor Reset<br>
2021-06- 9 06:32:36 --- WANGW 75Mb went down<br>
2021-06- 9 06:03:32 --- Gateway Monitor Reset<br>
2021-06- 9 05:58:35 --- WANGW 75Mb went down<br>
2021-06- 9 05:00:43 --- Gateway Monitor Reset<br>
2021-06- 9 05:00:39 --- Gateway Monitor Reset<br>
2021-06- 9 04:54:32 --- WANGW 75Mb went down<br>
2021-06- 8 15:50:21 --- Gateway Monitor Reset<br>
2021-06- 8 15:17:37 --- Netherlands VPN went down<br>
2021-06- 8 15:17:27 --- WANGW 75Mb went down<br>
2021-06- 8 12:49:41 --- Gateway Monitor Reset<br>
2021-06- 8 12:46:54 --- Netherlands VPN went down<br>
2021-06- 8 11:58:29 --- Gateway Monitor Reset<br>
2021-06- 8 11:01:37 --- Netherlands VPN went down<br>
2021-06- 8 07:35:38 --- Gateway Monitor Reset<br>
2021-06- 8 07:19:30 --- Netherlands VPN went down<br>
2021-06- 8 07:18:39 --- WANGW 75Mb went down<br>
2021-06- 8 06:57:42 --- Gateway Monitor Reset<br>
2021-06- 8 06:44:28 --- Netherlands VPN went down<br>
2021-06- 8 06:43:37 --- WANGW 75Mb went down<br>
2021-06- 8 06:13:02 --- Gateway Monitor Reset<br>
2021-06- 8 06:11:17 --- WANGW 75Mb went down<br>
2021-06- 8 06:09:25 --- Netherlands VPN went down<br>
2021-06- 8 06:08:47 --- Gateway Monitor Reset<br>
2021-06- 8 04:55:21 --- Netherlands VPN went down<br>
2021-06- 8 04:54:36 --- WANGW 75Mb went down<br>
2021-06- 7 22:37:14 --- Gateway Monitor Reset<br>
2021-06- 7 22:24:31 --- WANALT_DHCP 20Mb went down<br>
2021-06- 7 22:23:51 --- Netherlands VPN went down<br>
2021-06- 7 22:18:45 --- Gateway Monitor Reset<br>
2021-06- 7 22:18:41 --- Gateway Monitor Reset<br>
2021-06- 7 22:18:36 --- Gateway Monitor Reset<br>
2021-06- 7 22:18:32 --- Gateway Monitor Reset<br>
2021-06- 7 22:18:28 --- Gateway Monitor Reset<br>
2021-06- 7 22:18:24 --- Gateway Monitor Reset<br>
2021-06- 7 22:18:20 --- Gateway Monitor Reset<br>
2021-06- 7 22:18:15 --- Gateway Monitor Reset<br>
2021-06- 7 22:15:30 --- WANALT_DHCP 20Mb went down<br>
2021-06- 7 22:14:20 --- Gateway Monitor Reset<br>
2021-06- 7 22:14:16 --- Gateway Monitor Reset<br>
2021-06- 7 22:13:28 --- WANALT_DHCP 20Mb went down<br>
2021-06- 7 16:00:26 --- Gateway Monitor Reset<br>
2021-06- 7 15:53:51 --- Netherlands VPN went down<br>
2021-06- 7 06:26:37 --- Gateway Monitor Reset<br>
2021-06- 7 04:31:34 --- WANGW 75Mb went down<br>
2021-06- 6 08:16:23 --- Gateway Monitor Reset<br>
2021-06- 6 07:10:41 --- WANGW 75Mb went down<br>
2021-06- 6 04:40:25 --- Gateway Monitor Reset<br>
2021-06- 6 04:32:42 --- WANGW 75Mb went down<br>
2021-06- 5 15:47:46 --- Gateway Monitor Reset<br>
2021-06- 5 14:07:29 --- Gateway Monitor Reset<br>
2021-06- 5 14:07:01 --- WANGW 75Mb went down<br>
2021-06- 4 15:44:06 --- Gateway Monitor Reset<br>
2021-06- 4 15:43:30 --- Netherlands VPN went down<br>
2021-06- 4 15:41:55 --- Gateway Monitor Reset<br>
2021-06- 3 18:18:19 --- Gateway Monitor Reset<br>
2021-06- 1 05:45:51 --- Gateway Monitor Reset<br>
2021-06- 1 04:14:01 --- WANGW 75Mb went down<br>
2021-05-31 19:07:35 --- Log has been reset<br>
2021-05-31 04:45:16 --- Gateway Monitor Reset<br>
2021-05-31 04:39:21 --- WANGW 75Mb went down<br>
2021-05-31 04:10:13 --- Gateway Monitor Reset<br>
2021-05-31 04:03:24 --- WANGW 75Mb went down<br>
2021-05-31 03:27:22 --- Log has been reset<br>
2021-05-31 01:46:04 --- Gateway Monitor Reset<br>
