2021-06-26 19:57:24 --- Gateway Monitor Reset<br>
2021-06-26 19:56:32 --- MGMT VPN went down<br>
2021-06-26 19:55:57 --- WANGW 75Mb went down<br>
2021-06-26 19:55:06 --- Netherlands VPN went down<br>
2021-06-26 15:41:20 --- Gateway Monitor Reset<br>
2021-06-26 15:33:43 --- WANGW 75Mb went down<br>
2021-06-26 15:33:22 --- Netherlands VPN went down<br>
2021-06-26 12:53:55 --- Gateway Monitor Reset<br>
2021-06-26 12:42:02 --- Netherlands VPN went down<br>
2021-06-26 11:25:22 --- Gateway Monitor Reset<br>
2021-06-26 10:23:05 --- Netherlands VPN went down<br>
2021-06-26 08:26:08 --- Gateway Monitor Reset<br>
2021-06-26 08:26:08 --- Gateway Monitor Reset<br>
2021-06-26 08:25:56 --- Gateway Monitor Reset<br>
2021-06-26 08:25:38 --- Gateway Monitor Reset<br>
2021-06-26 07:57:05 --- Gateway Monitor Reset<br>
2021-06-26 07:54:13 --- Netherlands VPN went down<br>
2021-06-26 06:44:50 --- Gateway Monitor Reset<br>
2021-06-26 06:32:21 --- Gateway Monitor Reset<br>
2021-06-26 06:18:51 --- Gateway Monitor Reset<br>
2021-06-26 06:07:34 --- Gateway Monitor Reset<br>
2021-06-26 06:07:28 --- Gateway Monitor Reset<br>
2021-06-26 05:46:13 --- Gateway Monitor Reset<br>
2021-06-26 05:06:44 --- Gateway Monitor Reset<br>
2021-06-26 04:48:14 --- Netherlands VPN went down<br>
2021-06-26 04:13:01 --- Gateway Monitor Reset<br>
2021-06-26 03:08:24 --- WANGW 75Mb went down<br>
2021-06-26 03:08:19 --- Netherlands VPN went down<br>
2021-06-26 02:29:05 --- Gateway Monitor Reset<br>
2021-06-26 02:28:54 --- Gateway Monitor Reset<br>
2021-06-26 01:20:38 --- Gateway Monitor Reset<br>
2021-06-26 01:14:28 --- WANGW 75Mb went down<br>
2021-06-26 01:14:26 --- Netherlands VPN went down<br>
2021-06-26 01:02:30 --- Gateway Monitor Reset<br>
2021-06-26 00:59:06 --- Gateway Monitor Reset<br>
2021-06-26 00:49:28 --- Gateway Monitor Reset<br>
2021-06-26 00:27:53 --- Gateway Monitor Reset<br>
2021-06-26 00:05:49 --- Gateway Monitor Reset<br>
2021-06-26 00:04:20 --- Gateway Monitor Reset<br>
2021-06-26 00:04:07 --- Gateway Monitor Reset<br>
2021-06-26 00:04:01 --- Gateway Monitor Reset<br>
2021-06-26 00:03:52 --- Gateway Monitor Reset<br>
2021-06-26 00:03:25 --- Gateway Monitor Reset<br>
2021-06-26 00:02:03 --- Gateway Monitor Reset<br>
2021-06-26 00:01:54 --- Gateway Monitor Reset<br>
2021-06-26 00:01:44 --- Gateway Monitor Reset<br>
2021-06-26 00:01:11 --- Gateway Monitor Reset<br>
2021-06-26 00:00:40 --- Gateway Monitor Reset<br>
2021-06-26 00:00:24 --- Gateway Monitor Reset<br>
2021-06-25 23:59:47 --- Gateway Monitor Reset<br>
2021-06-25 23:57:11 --- Gateway Monitor Reset<br>
2021-06-25 23:57:06 --- Gateway Monitor Reset<br>
2021-06-25 23:56:58 --- Gateway Monitor Reset<br>
2021-06-25 23:56:55 --- Gateway Monitor Reset<br>
2021-06-25 23:56:52 --- Gateway Monitor Reset<br>
2021-06-25 23:55:48 --- Gateway Monitor Reset<br>
2021-06-25 23:41:27 --- Gateway Monitor Reset<br>
2021-06-25 23:30:42 --- Gateway Monitor Reset<br>
2021-06-25 23:20:16 --- Netherlands VPN went down<br>
2021-06-25 23:20:14 --- Gateway Monitor Reset<br>
2021-06-25 23:13:24 --- Gateway Monitor Reset<br>
2021-06-25 23:13:16 --- Gateway Monitor Reset<br>
2021-06-25 23:13:06 --- Gateway Monitor Reset<br>
2021-06-25 23:12:56 --- Gateway Monitor Reset<br>
2021-06-25 23:12:16 --- Gateway Monitor Reset<br>
2021-06-25 23:12:04 --- Gateway Monitor Reset<br>
2021-06-25 23:12:00 --- Gateway Monitor Reset<br>
2021-06-25 23:10:21 --- Gateway Monitor Reset<br>
2021-06-25 23:09:57 --- Gateway Monitor Reset<br>
2021-06-25 23:09:51 --- Gateway Monitor Reset<br>
2021-06-25 23:07:33 --- Gateway Monitor Reset<br>
2021-06-25 23:06:48 --- Gateway Monitor Reset<br>
2021-06-25 23:05:33 --- Gateway Monitor Reset<br>
2021-06-25 22:27:36 --- Gateway Monitor Reset<br>
2021-06-25 22:26:03 --- Gateway Monitor Reset<br>
2021-06-25 22:25:40 --- Gateway Monitor Reset<br>
2021-06-25 22:20:49 --- Gateway Monitor Reset<br>
2021-06-25 22:20:43 --- Gateway Monitor Reset<br>
2021-06-25 22:19:34 --- Gateway Monitor Reset<br>
2021-06-25 22:18:53 --- Gateway Monitor Reset<br>
2021-06-25 22:16:59 --- Gateway Monitor Reset<br>
2021-06-25 22:16:32 --- Gateway Monitor Reset<br>
2021-06-25 21:57:20 --- Gateway Monitor Reset<br>
2021-06-25 21:53:43 --- Gateway Monitor Reset<br>
2021-06-25 21:50:24 --- Gateway Monitor Reset<br>
2021-06-25 21:49:07 --- Gateway Monitor Reset<br>
2021-06-25 21:48:40 --- Gateway Monitor Reset<br>
2021-06-25 21:47:52 --- Gateway Monitor Reset<br>
2021-06-25 21:46:59 --- Gateway Monitor Reset<br>
2021-06-25 21:46:42 --- Gateway Monitor Reset<br>
2021-06-25 21:46:22 --- Gateway Monitor Reset<br>
2021-06-25 21:45:15 --- Gateway Monitor Reset<br>
2021-06-25 21:44:41 --- Gateway Monitor Reset<br>
2021-06-25 21:43:33 --- Gateway Monitor Reset<br>
2021-06-25 21:42:51 --- Gateway Monitor Reset<br>
2021-06-25 21:41:53 --- Gateway Monitor Reset<br>
2021-06-25 21:41:35 --- Gateway Monitor Reset<br>
2021-06-25 21:41:34 --- Gateway Monitor Reset<br>
2021-06-25 21:41:18 --- Gateway Monitor Reset<br>
2021-06-25 21:41:17 --- Gateway Monitor Reset<br>
2021-06-25 21:40:16 --- Gateway Monitor Reset<br>
2021-06-25 21:40:15 --- Gateway Monitor Reset<br>
2021-06-25 21:38:44 --- Gateway Monitor Reset<br>
2021-06-25 21:35:01 --- Gateway Monitor Reset<br>
2021-06-25 21:35:00 --- Gateway Monitor Reset<br>
2021-06-25 21:34:24 --- Gateway Monitor Reset<br>
2021-06-25 21:32:44 --- Gateway Monitor Reset<br>
2021-06-25 21:32:34 --- Gateway Monitor Reset<br>
2021-06-25 21:32:31 --- Gateway Monitor Reset<br>
2021-06-25 21:32:08 --- Gateway Monitor Reset<br>
2021-06-25 21:31:41 --- Gateway Monitor Reset<br>
2021-06-25 21:29:50 --- Gateway Monitor Reset<br>
2021-06-25 21:29:44 --- Gateway Monitor Reset<br>
2021-06-25 21:28:18 --- Gateway Monitor Reset<br>
2021-06-25 21:28:15 --- Gateway Monitor Reset<br>
2021-06-25 21:28:13 --- Gateway Monitor Reset<br>
2021-06-25 21:27:18 --- Gateway Monitor Reset<br>
2021-06-25 21:24:27 --- Gateway Monitor Reset<br>
2021-06-25 21:23:56 --- Gateway Monitor Reset<br>
2021-06-25 21:23:34 --- Gateway Monitor Reset<br>
2021-06-25 21:22:59 --- Gateway Monitor Reset<br>
2021-06-25 21:22:58 --- Gateway Monitor Reset<br>
2021-06-25 21:22:15 --- Gateway Monitor Reset<br>
2021-06-25 21:22:14 --- Gateway Monitor Reset<br>
2021-06-25 21:21:19 --- Gateway Monitor Reset<br>
2021-06-25 21:20:32 --- Gateway Monitor Reset<br>
2021-06-25 21:20:20 --- Gateway Monitor Reset<br>
2021-06-25 21:18:08 --- Gateway Monitor Reset<br>
2021-06-25 21:18:07 --- Gateway Monitor Reset<br>
2021-06-25 21:16:29 --- Gateway Monitor Reset<br>
2021-06-25 21:16:07 --- Gateway Monitor Reset<br>
2021-06-25 21:15:11 --- Gateway Monitor Reset<br>
2021-06-25 21:14:46 --- Gateway Monitor Reset<br>
2021-06-25 21:14:46 --- Gateway Monitor Reset<br>
2021-06-25 21:14:13 --- Gateway Monitor Reset<br>
2021-06-25 21:14:12 --- Gateway Monitor Reset<br>
2021-06-25 21:14:11 --- Gateway Monitor Reset<br>
2021-06-25 21:12:56 --- Gateway Monitor Reset<br>
2021-06-25 21:10:31 --- Gateway Monitor Reset<br>
2021-06-25 21:02:27 --- Netherlands VPN went down<br>
2021-06-25 21:02:16 --- Gateway Monitor Reset<br>
2021-06-25 21:02:11 --- Netherlands VPN went down<br>
2021-06-25 21:01:05 --- Gateway Monitor Reset<br>
2021-06-25 20:57:57 --- Gateway Monitor Reset<br>
2021-06-25 20:57:21 --- Gateway Monitor Reset<br>
2021-06-25 20:56:31 --- Gateway Monitor Reset<br>
2021-06-25 20:55:57 --- Gateway Monitor Reset<br>
2021-06-25 20:55:56 --- Gateway Monitor Reset<br>
2021-06-25 20:55:23 --- Gateway Monitor Reset<br>
2021-06-25 20:53:57 --- Gateway Monitor Reset<br>
2021-06-25 20:51:27 --- Gateway Monitor Reset<br>
2021-06-25 20:50:55 --- Gateway Monitor Reset<br>
2021-06-25 20:49:05 --- Gateway Monitor Reset<br>
2021-06-25 20:41:22 --- Gateway Monitor Reset<br>
2021-06-25 20:41:21 --- Gateway Monitor Reset<br>
2021-06-25 20:39:28 --- Gateway Monitor Reset<br>
2021-06-25 20:38:07 --- Gateway Monitor Reset<br>
2021-06-25 20:37:33 --- Gateway Monitor Reset<br>
2021-06-25 20:35:24 --- Gateway Monitor Reset<br>
2021-06-25 20:30:33 --- Gateway Monitor Reset<br>
2021-06-25 20:29:09 --- Gateway Monitor Reset<br>
2021-06-25 20:28:17 --- Gateway Monitor Reset<br>
2021-06-25 20:27:32 --- Gateway Monitor Reset<br>
2021-06-25 20:27:31 --- Gateway Monitor Reset<br>
2021-06-25 20:26:44 --- Gateway Monitor Reset<br>
2021-06-25 20:26:43 --- Gateway Monitor Reset<br>
2021-06-25 20:25:41 --- Gateway Monitor Reset<br>
2021-06-25 20:24:06 --- Gateway Monitor Reset<br>
2021-06-25 20:21:28 --- Gateway Monitor Reset<br>
2021-06-25 20:21:07 --- Gateway Monitor Reset<br>
2021-06-25 20:20:08 --- Gateway Monitor Reset<br>
2021-06-25 20:19:39 --- Gateway Monitor Reset<br>
2021-06-25 20:19:33 --- Gateway Monitor Reset<br>
2021-06-25 20:19:32 --- Gateway Monitor Reset<br>
2021-06-25 20:19:30 --- Gateway Monitor Reset<br>
2021-06-25 19:53:06 --- Gateway Monitor Reset<br>
2021-06-25 19:51:19 --- Gateway Monitor Reset<br>
2021-06-25 19:50:21 --- Gateway Monitor Reset<br>
2021-06-25 19:48:50 --- Gateway Monitor Reset<br>
2021-06-25 19:46:16 --- Gateway Monitor Reset<br>
2021-06-25 19:45:06 --- Gateway Monitor Reset<br>
2021-06-25 19:33:11 --- Gateway Monitor Reset<br>
2021-06-25 19:27:08 --- Netherlands VPN went down<br>
2021-06-25 19:15:50 --- Gateway Monitor Reset<br>
2021-06-25 19:15:09 --- Gateway Monitor Reset<br>
2021-06-25 19:14:31 --- Gateway Monitor Reset<br>
2021-06-25 19:13:44 --- Gateway Monitor Reset<br>
2021-06-25 19:12:24 --- Gateway Monitor Reset<br>
2021-06-25 19:09:15 --- Gateway Monitor Reset<br>
2021-06-25 19:07:30 --- Gateway Monitor Reset<br>
2021-06-25 18:57:56 --- Gateway Monitor Reset<br>
2021-06-25 18:57:53 --- Gateway Monitor Reset<br>
2021-06-25 18:57:49 --- Gateway Monitor Reset<br>
2021-06-25 18:57:44 --- Gateway Monitor Reset<br>
2021-06-25 18:57:40 --- Gateway Monitor Reset<br>
2021-06-25 18:57:36 --- Gateway Monitor Reset<br>
2021-06-25 18:57:32 --- Gateway Monitor Reset<br>
2021-06-25 18:57:23 --- Gateway Monitor Reset<br>
2021-06-25 18:57:19 --- Gateway Monitor Reset<br>
2021-06-25 18:57:15 --- Gateway Monitor Reset<br>
2021-06-25 18:57:10 --- Gateway Monitor Reset<br>
2021-06-25 18:57:06 --- Gateway Monitor Reset<br>
2021-06-25 18:57:02 --- Gateway Monitor Reset<br>
2021-06-25 18:56:57 --- Gateway Monitor Reset<br>
2021-06-25 18:56:53 --- Gateway Monitor Reset<br>
2021-06-25 18:56:49 --- Gateway Monitor Reset<br>
2021-06-25 18:56:44 --- Gateway Monitor Reset<br>
2021-06-25 18:45:14 --- Gateway Monitor Reset<br>
2021-06-25 18:45:02 --- Gateway Monitor Reset<br>
2021-06-25 18:34:30 --- Gateway Monitor Reset<br>
2021-06-25 18:34:26 --- Gateway Monitor Reset<br>
2021-06-25 18:34:22 --- Gateway Monitor Reset<br>
2021-06-25 18:34:17 --- Gateway Monitor Reset<br>
2021-06-25 18:34:13 --- Gateway Monitor Reset<br>
2021-06-25 18:34:09 --- Gateway Monitor Reset<br>
2021-06-25 18:34:05 --- Gateway Monitor Reset<br>
2021-06-25 18:34:00 --- Gateway Monitor Reset<br>
2021-06-25 18:33:56 --- Gateway Monitor Reset<br>
2021-06-25 18:33:10 --- Gateway Monitor Reset<br>
2021-06-25 18:33:09 --- Gateway Monitor Reset<br>
2021-06-25 18:33:05 --- Gateway Monitor Reset<br>
2021-06-25 18:33:01 --- Gateway Monitor Reset<br>
2021-06-25 18:32:56 --- Gateway Monitor Reset<br>
2021-06-25 18:32:52 --- Gateway Monitor Reset<br>
2021-06-25 18:32:48 --- Gateway Monitor Reset<br>
2021-06-25 18:32:44 --- Gateway Monitor Reset<br>
2021-06-25 18:32:40 --- Gateway Monitor Reset<br>
2021-06-25 18:32:35 --- Gateway Monitor Reset<br>
2021-06-25 18:32:34 --- Gateway Monitor Reset<br>
2021-06-25 18:32:31 --- Gateway Monitor Reset<br>
2021-06-25 18:32:30 --- Gateway Monitor Reset<br>
2021-06-25 18:32:27 --- Gateway Monitor Reset<br>
2021-06-25 18:32:26 --- Gateway Monitor Reset<br>
2021-06-25 18:32:23 --- Gateway Monitor Reset<br>
2021-06-25 18:32:19 --- Gateway Monitor Reset<br>
2021-06-25 18:32:14 --- Gateway Monitor Reset<br>
2021-06-25 18:32:10 --- Gateway Monitor Reset<br>
2021-06-25 18:32:06 --- Gateway Monitor Reset<br>
2021-06-25 18:32:02 --- Gateway Monitor Reset<br>
2021-06-25 18:31:58 --- Gateway Monitor Reset<br>
2021-06-25 18:31:53 --- Gateway Monitor Reset<br>
2021-06-25 18:31:49 --- Gateway Monitor Reset<br>
2021-06-25 18:31:45 --- Gateway Monitor Reset<br>
2021-06-25 18:31:41 --- Gateway Monitor Reset<br>
2021-06-25 18:31:37 --- Gateway Monitor Reset<br>
2021-06-25 18:31:32 --- Gateway Monitor Reset<br>
2021-06-25 18:31:28 --- Gateway Monitor Reset<br>
2021-06-25 18:31:24 --- Gateway Monitor Reset<br>
2021-06-25 18:31:20 --- Gateway Monitor Reset<br>
2021-06-25 18:31:16 --- Gateway Monitor Reset<br>
2021-06-25 18:31:11 --- Gateway Monitor Reset<br>
2021-06-25 18:31:07 --- Gateway Monitor Reset<br>
2021-06-25 18:31:03 --- Gateway Monitor Reset<br>
2021-06-25 18:30:59 --- Gateway Monitor Reset<br>
2021-06-25 18:30:54 --- Gateway Monitor Reset<br>
2021-06-25 18:30:54 --- Gateway Monitor Reset<br>
2021-06-25 18:30:50 --- Gateway Monitor Reset<br>
2021-06-25 18:30:50 --- Gateway Monitor Reset<br>
2021-06-25 18:30:46 --- Gateway Monitor Reset<br>
2021-06-25 18:30:45 --- Gateway Monitor Reset<br>
2021-06-25 18:30:41 --- Gateway Monitor Reset<br>
2021-06-25 18:30:41 --- Gateway Monitor Reset<br>
2021-06-25 18:30:37 --- Gateway Monitor Reset<br>
2021-06-25 18:30:36 --- Gateway Monitor Reset<br>
2021-06-25 18:30:32 --- Gateway Monitor Reset<br>
2021-06-25 18:30:28 --- Gateway Monitor Reset<br>
2021-06-25 18:30:24 --- Gateway Monitor Reset<br>
2021-06-25 18:30:20 --- Gateway Monitor Reset<br>
2021-06-25 18:30:16 --- Gateway Monitor Reset<br>
2021-06-25 18:30:14 --- Gateway Monitor Reset<br>
2021-06-25 18:30:11 --- Gateway Monitor Reset<br>
2021-06-25 18:30:10 --- Gateway Monitor Reset<br>
2021-06-25 18:30:07 --- Gateway Monitor Reset<br>
2021-06-25 18:30:06 --- Gateway Monitor Reset<br>
2021-06-25 18:30:03 --- Gateway Monitor Reset<br>
2021-06-25 18:30:02 --- Gateway Monitor Reset<br>
2021-06-25 18:29:59 --- Gateway Monitor Reset<br>
2021-06-25 18:29:57 --- Gateway Monitor Reset<br>
2021-06-25 18:29:55 --- Gateway Monitor Reset<br>
2021-06-25 18:29:53 --- Gateway Monitor Reset<br>
2021-06-25 18:29:50 --- Gateway Monitor Reset<br>
2021-06-25 18:29:49 --- Gateway Monitor Reset<br>
2021-06-25 18:29:46 --- Gateway Monitor Reset<br>
2021-06-25 18:29:45 --- Gateway Monitor Reset<br>
2021-06-25 18:29:42 --- Gateway Monitor Reset<br>
2021-06-25 18:29:40 --- Gateway Monitor Reset<br>
2021-06-25 18:29:38 --- Gateway Monitor Reset<br>
2021-06-25 18:29:36 --- Gateway Monitor Reset<br>
2021-06-25 18:29:34 --- Gateway Monitor Reset<br>
2021-06-25 18:29:32 --- Gateway Monitor Reset<br>
2021-06-25 18:29:29 --- Gateway Monitor Reset<br>
2021-06-25 18:29:28 --- Gateway Monitor Reset<br>
2021-06-25 18:29:25 --- Gateway Monitor Reset<br>
2021-06-25 18:29:23 --- Gateway Monitor Reset<br>
2021-06-25 18:29:21 --- Gateway Monitor Reset<br>
2021-06-25 18:29:19 --- Gateway Monitor Reset<br>
2021-06-25 18:29:17 --- Gateway Monitor Reset<br>
2021-06-25 18:29:15 --- Gateway Monitor Reset<br>
2021-06-25 18:29:13 --- Gateway Monitor Reset<br>
2021-06-25 18:29:11 --- Gateway Monitor Reset<br>
2021-06-25 18:29:10 --- Gateway Monitor Reset<br>
2021-06-25 18:29:09 --- Gateway Monitor Reset<br>
2021-06-25 18:29:08 --- Gateway Monitor Reset<br>
2021-06-25 18:29:04 --- Gateway Monitor Reset<br>
2021-06-25 18:29:04 --- Gateway Monitor Reset<br>
2021-06-25 18:29:00 --- Gateway Monitor Reset<br>
2021-06-25 18:29:00 --- Gateway Monitor Reset<br>
2021-06-25 18:28:56 --- Gateway Monitor Reset<br>
2021-06-25 18:28:56 --- Gateway Monitor Reset<br>
2021-06-25 18:28:52 --- Gateway Monitor Reset<br>
2021-06-25 18:28:51 --- Gateway Monitor Reset<br>
2021-06-25 18:28:47 --- Gateway Monitor Reset<br>
2021-06-25 18:28:47 --- Gateway Monitor Reset<br>
2021-06-25 18:28:43 --- Gateway Monitor Reset<br>
2021-06-25 18:28:43 --- Gateway Monitor Reset<br>
2021-06-25 18:28:39 --- Gateway Monitor Reset<br>
2021-06-25 18:28:39 --- Gateway Monitor Reset<br>
2021-06-25 18:28:35 --- Gateway Monitor Reset<br>
2021-06-25 18:28:34 --- Gateway Monitor Reset<br>
2021-06-25 18:28:30 --- Gateway Monitor Reset<br>
2021-06-25 18:28:26 --- Gateway Monitor Reset<br>
2021-06-25 18:28:22 --- Gateway Monitor Reset<br>
2021-06-25 18:28:17 --- Gateway Monitor Reset<br>
2021-06-25 18:28:13 --- Gateway Monitor Reset<br>
2021-06-25 18:28:09 --- Gateway Monitor Reset<br>
2021-06-25 18:28:05 --- Gateway Monitor Reset<br>
2021-06-25 18:28:00 --- Gateway Monitor Reset<br>
2021-06-25 18:27:56 --- Gateway Monitor Reset<br>
2021-06-25 18:27:52 --- Gateway Monitor Reset<br>
2021-06-25 18:27:47 --- Gateway Monitor Reset<br>
2021-06-25 18:27:43 --- Gateway Monitor Reset<br>
2021-06-25 18:27:39 --- Gateway Monitor Reset<br>
2021-06-25 18:27:35 --- Gateway Monitor Reset<br>
2021-06-25 18:27:30 --- Gateway Monitor Reset<br>
2021-06-25 18:27:26 --- Gateway Monitor Reset<br>
2021-06-25 18:27:22 --- Gateway Monitor Reset<br>
2021-06-25 18:27:18 --- Gateway Monitor Reset<br>
2021-06-25 18:27:13 --- Gateway Monitor Reset<br>
2021-06-25 18:27:09 --- Gateway Monitor Reset<br>
2021-06-25 18:27:05 --- Gateway Monitor Reset<br>
2021-06-25 18:27:01 --- Gateway Monitor Reset<br>
2021-06-25 18:26:56 --- Gateway Monitor Reset<br>
2021-06-25 18:26:54 --- Gateway Monitor Reset<br>
2021-06-25 18:26:49 --- Gateway Monitor Reset<br>
2021-06-25 18:26:45 --- Gateway Monitor Reset<br>
2021-06-25 18:26:41 --- Gateway Monitor Reset<br>
2021-06-25 18:26:37 --- Gateway Monitor Reset<br>
2021-06-25 18:26:32 --- Gateway Monitor Reset<br>
2021-06-25 18:26:28 --- Gateway Monitor Reset<br>
2021-06-25 18:26:24 --- Gateway Monitor Reset<br>
2021-06-25 18:26:20 --- Gateway Monitor Reset<br>
2021-06-25 18:26:15 --- Gateway Monitor Reset<br>
2021-06-25 18:26:11 --- Gateway Monitor Reset<br>
2021-06-25 18:26:07 --- Gateway Monitor Reset<br>
2021-06-25 18:26:03 --- Gateway Monitor Reset<br>
2021-06-25 18:25:58 --- Gateway Monitor Reset<br>
2021-06-25 18:25:54 --- Gateway Monitor Reset<br>
2021-06-25 18:25:50 --- Gateway Monitor Reset<br>
2021-06-25 18:25:46 --- Gateway Monitor Reset<br>
2021-06-25 18:25:41 --- Gateway Monitor Reset<br>
2021-06-25 18:25:37 --- Gateway Monitor Reset<br>
2021-06-25 18:25:33 --- Gateway Monitor Reset<br>
2021-06-25 18:25:29 --- Gateway Monitor Reset<br>
2021-06-25 18:25:24 --- Gateway Monitor Reset<br>
2021-06-25 18:25:20 --- Gateway Monitor Reset<br>
2021-06-25 18:25:16 --- Gateway Monitor Reset<br>
2021-06-25 18:25:11 --- Gateway Monitor Reset<br>
2021-06-25 18:25:07 --- Gateway Monitor Reset<br>
2021-06-25 18:25:03 --- Gateway Monitor Reset<br>
2021-06-25 18:24:59 --- Gateway Monitor Reset<br>
2021-06-25 18:24:54 --- Gateway Monitor Reset<br>
2021-06-25 18:24:50 --- Gateway Monitor Reset<br>
2021-06-25 18:24:46 --- Gateway Monitor Reset<br>
2021-06-25 18:24:42 --- Gateway Monitor Reset<br>
2021-06-25 18:24:37 --- Gateway Monitor Reset<br>
2021-06-25 18:24:33 --- Gateway Monitor Reset<br>
2021-06-25 18:24:29 --- Gateway Monitor Reset<br>
2021-06-25 18:24:25 --- Gateway Monitor Reset<br>
2021-06-25 18:24:20 --- Gateway Monitor Reset<br>
2021-06-25 18:24:16 --- Gateway Monitor Reset<br>
2021-06-25 18:24:12 --- Gateway Monitor Reset<br>
2021-06-25 18:24:08 --- Gateway Monitor Reset<br>
2021-06-25 18:24:04 --- Gateway Monitor Reset<br>
2021-06-25 18:23:59 --- Gateway Monitor Reset<br>
2021-06-25 18:23:55 --- Gateway Monitor Reset<br>
2021-06-25 18:23:51 --- Gateway Monitor Reset<br>
2021-06-25 18:23:47 --- Gateway Monitor Reset<br>
2021-06-25 18:23:43 --- Gateway Monitor Reset<br>
2021-06-25 18:23:38 --- Gateway Monitor Reset<br>
2021-06-25 18:23:34 --- Gateway Monitor Reset<br>
2021-06-25 18:23:30 --- Gateway Monitor Reset<br>
2021-06-25 18:23:26 --- Gateway Monitor Reset<br>
2021-06-25 18:23:22 --- Gateway Monitor Reset<br>
2021-06-25 18:23:17 --- Gateway Monitor Reset<br>
2021-06-25 18:23:13 --- Gateway Monitor Reset<br>
2021-06-25 18:22:41 --- Gateway Monitor Reset<br>
2021-06-25 18:22:36 --- Gateway Monitor Reset<br>
2021-06-25 18:22:32 --- Gateway Monitor Reset<br>
2021-06-25 18:22:28 --- Gateway Monitor Reset<br>
2021-06-25 18:22:24 --- Gateway Monitor Reset<br>
2021-06-25 18:22:20 --- Gateway Monitor Reset<br>
2021-06-25 18:22:15 --- Gateway Monitor Reset<br>
2021-06-25 18:22:11 --- Gateway Monitor Reset<br>
2021-06-25 18:22:07 --- Gateway Monitor Reset<br>
2021-06-25 18:22:03 --- Gateway Monitor Reset<br>
2021-06-25 18:21:59 --- Gateway Monitor Reset<br>
2021-06-25 18:21:54 --- Gateway Monitor Reset<br>
2021-06-25 18:21:50 --- Gateway Monitor Reset<br>
2021-06-25 18:21:46 --- Gateway Monitor Reset<br>
2021-06-25 18:21:42 --- Gateway Monitor Reset<br>
2021-06-25 18:21:38 --- Gateway Monitor Reset<br>
2021-06-25 18:21:33 --- Gateway Monitor Reset<br>
2021-06-25 18:21:29 --- Gateway Monitor Reset<br>
2021-06-25 18:21:25 --- Gateway Monitor Reset<br>
2021-06-25 18:21:21 --- Gateway Monitor Reset<br>
2021-06-25 18:21:17 --- Gateway Monitor Reset<br>
2021-06-25 18:21:12 --- Gateway Monitor Reset<br>
2021-06-25 18:21:08 --- Gateway Monitor Reset<br>
2021-06-25 18:21:04 --- Gateway Monitor Reset<br>
2021-06-25 18:21:00 --- Gateway Monitor Reset<br>
2021-06-25 18:20:56 --- Gateway Monitor Reset<br>
2021-06-25 18:20:51 --- Gateway Monitor Reset<br>
2021-06-25 18:20:47 --- Gateway Monitor Reset<br>
2021-06-25 18:20:43 --- Gateway Monitor Reset<br>
2021-06-25 18:20:39 --- Gateway Monitor Reset<br>
2021-06-25 18:20:35 --- Gateway Monitor Reset<br>
2021-06-25 18:20:30 --- Gateway Monitor Reset<br>
2021-06-25 18:20:26 --- Gateway Monitor Reset<br>
2021-06-25 18:20:22 --- Gateway Monitor Reset<br>
2021-06-25 18:20:18 --- Gateway Monitor Reset<br>
2021-06-25 18:20:13 --- Gateway Monitor Reset<br>
2021-06-25 18:20:09 --- Gateway Monitor Reset<br>
2021-06-25 18:19:55 --- Gateway Monitor Reset<br>
2021-06-25 18:19:51 --- Gateway Monitor Reset<br>
2021-06-25 18:19:47 --- Gateway Monitor Reset<br>
2021-06-25 18:19:42 --- Gateway Monitor Reset<br>
2021-06-25 18:19:40 --- Gateway Monitor Reset<br>
2021-06-25 18:19:36 --- Gateway Monitor Reset<br>
2021-06-25 18:19:32 --- Gateway Monitor Reset<br>
2021-06-25 18:19:27 --- Gateway Monitor Reset<br>
2021-06-25 18:19:23 --- Gateway Monitor Reset<br>
2021-06-25 18:19:19 --- Gateway Monitor Reset<br>
2021-06-25 18:19:15 --- Gateway Monitor Reset<br>
2021-06-25 18:19:10 --- Gateway Monitor Reset<br>
2021-06-25 18:19:06 --- Gateway Monitor Reset<br>
2021-06-25 18:19:01 --- Gateway Monitor Reset<br>
2021-06-25 18:18:57 --- Gateway Monitor Reset<br>
2021-06-25 18:18:53 --- Gateway Monitor Reset<br>
2021-06-25 18:18:49 --- Gateway Monitor Reset<br>
2021-06-25 18:18:45 --- Gateway Monitor Reset<br>
2021-06-25 18:18:40 --- Gateway Monitor Reset<br>
2021-06-25 18:18:36 --- Gateway Monitor Reset<br>
2021-06-25 18:18:32 --- Gateway Monitor Reset<br>
2021-06-25 18:18:28 --- Gateway Monitor Reset<br>
2021-06-25 18:18:25 --- Gateway Monitor Reset<br>
2021-06-25 18:18:20 --- Gateway Monitor Reset<br>
2021-06-25 18:18:16 --- Gateway Monitor Reset<br>
2021-06-25 18:18:12 --- Gateway Monitor Reset<br>
2021-06-25 18:18:08 --- Gateway Monitor Reset<br>
2021-06-25 18:18:04 --- Gateway Monitor Reset<br>
2021-06-25 18:17:59 --- Gateway Monitor Reset<br>
2021-06-25 18:17:55 --- Gateway Monitor Reset<br>
2021-06-25 18:17:51 --- Gateway Monitor Reset<br>
2021-06-25 18:17:47 --- Gateway Monitor Reset<br>
2021-06-25 18:17:43 --- Gateway Monitor Reset<br>
2021-06-25 18:17:38 --- Gateway Monitor Reset<br>
2021-06-25 18:17:34 --- Gateway Monitor Reset<br>
2021-06-25 18:17:30 --- Gateway Monitor Reset<br>
2021-06-25 18:17:26 --- Gateway Monitor Reset<br>
2021-06-25 18:17:11 --- Gateway Monitor Reset<br>
2021-06-25 18:17:06 --- Gateway Monitor Reset<br>
2021-06-25 18:17:02 --- Gateway Monitor Reset<br>
2021-06-25 18:16:58 --- Gateway Monitor Reset<br>
2021-06-25 18:16:54 --- Gateway Monitor Reset<br>
2021-06-25 18:16:50 --- Gateway Monitor Reset<br>
2021-06-25 18:16:45 --- Gateway Monitor Reset<br>
2021-06-25 18:16:41 --- Gateway Monitor Reset<br>
2021-06-25 18:16:37 --- Gateway Monitor Reset<br>
2021-06-25 18:16:33 --- Gateway Monitor Reset<br>
2021-06-25 18:16:29 --- Gateway Monitor Reset<br>
2021-06-25 18:16:24 --- Gateway Monitor Reset<br>
2021-06-25 18:16:20 --- Gateway Monitor Reset<br>
2021-06-25 18:16:16 --- Gateway Monitor Reset<br>
2021-06-25 18:16:14 --- Gateway Monitor Reset<br>
2021-06-25 18:16:10 --- Gateway Monitor Reset<br>
2021-06-25 18:16:06 --- Gateway Monitor Reset<br>
2021-06-25 18:16:02 --- Gateway Monitor Reset<br>
2021-06-25 18:15:58 --- Gateway Monitor Reset<br>
2021-06-25 18:15:53 --- Gateway Monitor Reset<br>
2021-06-25 18:15:49 --- Gateway Monitor Reset<br>
2021-06-25 18:06:57 --- Gateway Monitor Reset<br>
2021-06-25 18:06:53 --- Gateway Monitor Reset<br>
2021-06-25 18:06:49 --- Gateway Monitor Reset<br>
2021-06-25 18:06:44 --- Gateway Monitor Reset<br>
2021-06-25 18:06:40 --- Gateway Monitor Reset<br>
2021-06-25 18:06:36 --- Gateway Monitor Reset<br>
2021-06-25 18:06:32 --- Gateway Monitor Reset<br>
2021-06-25 18:06:28 --- Gateway Monitor Reset<br>
2021-06-25 18:06:23 --- Gateway Monitor Reset<br>
2021-06-25 18:06:19 --- Gateway Monitor Reset<br>
2021-06-25 18:06:15 --- Gateway Monitor Reset<br>
2021-06-25 17:55:57 --- Gateway Monitor Reset<br>
2021-06-25 17:55:53 --- Gateway Monitor Reset<br>
2021-06-25 14:39:53 --- Gateway Monitor Reset<br>
2021-06-25 14:39:49 --- Gateway Monitor Reset<br>
2021-06-25 14:39:44 --- Gateway Monitor Reset<br>
2021-06-25 14:39:40 --- Gateway Monitor Reset<br>
2021-06-25 14:39:36 --- Gateway Monitor Reset<br>
2021-06-25 14:39:32 --- Gateway Monitor Reset<br>
2021-06-25 14:39:27 --- Gateway Monitor Reset<br>
2021-06-25 14:39:23 --- Gateway Monitor Reset<br>
2021-06-25 14:39:19 --- Gateway Monitor Reset<br>
2021-06-25 14:39:15 --- Gateway Monitor Reset<br>
2021-06-25 14:39:11 --- Gateway Monitor Reset<br>
2021-06-25 14:39:06 --- Gateway Monitor Reset<br>
2021-06-25 12:14:01 --- Gateway Monitor Reset<br>
2021-06-25 12:12:39 --- Netherlands VPN went down<br>
2021-06-25 10:45:18 --- Gateway Monitor Reset<br>
2021-06-25 09:43:07 --- Netherlands VPN went down<br>
2021-06-25 07:18:51 --- Gateway Monitor Reset<br>
2021-06-25 07:16:55 --- WANGW 75Mb went down<br>
2021-06-25 07:15:09 --- Gateway Monitor Reset<br>
2021-06-25 07:11:42 --- WANGW 75Mb went down<br>
2021-06-25 07:11:37 --- Netherlands VPN went down<br>
2021-06-25 06:01:15 --- Gateway Monitor Reset<br>
2021-06-25 04:25:21 --- Netherlands VPN went down<br>
2021-06-25 03:17:15 --- Gateway Monitor Reset<br>
2021-06-25 03:17:11 --- Gateway Monitor Reset<br>
2021-06-25 02:56:17 --- WANGW 75Mb went down<br>
2021-06-25 02:56:12 --- Netherlands VPN went down<br>
2021-06-25 02:00:56 --- Gateway Monitor Reset<br>
2021-06-25 01:47:43 --- WANTERTIARY_DHCP 20Mb went down<br>
2021-06-25 00:49:37 --- Gateway Monitor Reset<br>
2021-06-25 00:48:41 --- Netherlands VPN went down<br>
2021-06-24 23:29:43 --- Gateway Monitor Reset<br>
2021-06-24 23:13:07 --- Netherlands VPN went down<br>
2021-06-24 21:27:30 --- Gateway Monitor Reset<br>
2021-06-24 21:26:50 --- Netherlands VPN went down<br>
2021-06-24 19:54:44 --- Gateway Monitor Reset<br>
2021-06-24 19:54:40 --- Gateway Monitor Reset<br>
2021-06-24 19:49:06 --- WANGW 75Mb went down<br>
2021-06-24 19:49:01 --- Netherlands VPN went down<br>
2021-06-24 15:34:09 --- Gateway Monitor Reset<br>
2021-06-24 15:20:13 --- Netherlands VPN went down<br>
2021-06-24 13:18:03 --- Gateway Monitor Reset<br>
2021-06-24 12:53:37 --- Netherlands VPN went down<br>
2021-06-24 05:51:38 --- Gateway Monitor Reset<br>
2021-06-24 05:51:33 --- Gateway Monitor Reset<br>
2021-06-24 05:22:21 --- WANGW 75Mb went down<br>
2021-06-24 05:22:16 --- Netherlands VPN went down<br>
2021-06-24 05:11:31 --- Gateway Monitor Reset<br>
2021-06-24 05:11:27 --- Gateway Monitor Reset<br>
2021-06-24 03:54:47 --- Netherlands VPN went down<br>
2021-06-24 02:51:42 --- WANTERTIARY_DHCP 20Mb went down<br>
2021-06-24 02:35:11 --- Gateway Monitor Reset<br>
2021-06-24 02:35:07 --- Gateway Monitor Reset<br>
2021-06-24 02:09:52 --- WANGW 75Mb went down<br>
2021-06-24 02:08:42 --- Netherlands VPN went down<br>
2021-06-24 01:34:27 --- WANTERTIARY_DHCP 20Mb went down<br>
2021-06-24 00:43:53 --- Gateway Monitor Reset<br>
2021-06-24 00:12:52 --- Netherlands VPN went down<br>
2021-06-23 23:35:34 --- Gateway Monitor Reset<br>
2021-06-23 23:35:30 --- Gateway Monitor Reset<br>
2021-06-23 23:35:26 --- Gateway Monitor Reset<br>
2021-06-23 23:35:22 --- Gateway Monitor Reset<br>
2021-06-23 23:35:17 --- Gateway Monitor Reset<br>
2021-06-23 23:35:13 --- Gateway Monitor Reset<br>
2021-06-23 23:35:09 --- Gateway Monitor Reset<br>
2021-06-23 23:35:05 --- Gateway Monitor Reset<br>
2021-06-23 23:35:01 --- Gateway Monitor Reset<br>
2021-06-23 23:34:56 --- Gateway Monitor Reset<br>
2021-06-23 23:34:52 --- Gateway Monitor Reset<br>
2021-06-23 23:34:48 --- Gateway Monitor Reset<br>
2021-06-23 23:34:44 --- Gateway Monitor Reset<br>
2021-06-23 23:34:40 --- Gateway Monitor Reset<br>
2021-06-23 23:34:35 --- Gateway Monitor Reset<br>
2021-06-23 23:34:31 --- Gateway Monitor Reset<br>
2021-06-23 23:34:27 --- Gateway Monitor Reset<br>
2021-06-23 23:34:23 --- Gateway Monitor Reset<br>
2021-06-23 23:34:19 --- Gateway Monitor Reset<br>
2021-06-23 23:34:14 --- Gateway Monitor Reset<br>
2021-06-23 23:34:10 --- Gateway Monitor Reset<br>
2021-06-23 23:34:06 --- Gateway Monitor Reset<br>
2021-06-23 23:34:02 --- Gateway Monitor Reset<br>
2021-06-23 23:33:58 --- Gateway Monitor Reset<br>
2021-06-23 23:33:53 --- Gateway Monitor Reset<br>
2021-06-23 23:33:49 --- Gateway Monitor Reset<br>
2021-06-23 23:33:45 --- Gateway Monitor Reset<br>
2021-06-23 23:33:41 --- Gateway Monitor Reset<br>
2021-06-23 23:33:37 --- Gateway Monitor Reset<br>
2021-06-23 23:33:32 --- Gateway Monitor Reset<br>
2021-06-23 23:33:28 --- Gateway Monitor Reset<br>
2021-06-23 23:33:24 --- Gateway Monitor Reset<br>
2021-06-23 23:33:20 --- Gateway Monitor Reset<br>
2021-06-23 23:33:15 --- Gateway Monitor Reset<br>
2021-06-23 23:33:11 --- Gateway Monitor Reset<br>
2021-06-23 23:33:07 --- Gateway Monitor Reset<br>
2021-06-23 23:33:03 --- Gateway Monitor Reset<br>
2021-06-23 23:32:59 --- Gateway Monitor Reset<br>
2021-06-23 23:32:54 --- Gateway Monitor Reset<br>
2021-06-23 23:32:50 --- Gateway Monitor Reset<br>
2021-06-23 23:32:46 --- Gateway Monitor Reset<br>
2021-06-23 23:32:42 --- Gateway Monitor Reset<br>
2021-06-23 23:32:38 --- Gateway Monitor Reset<br>
2021-06-23 23:32:32 --- Gateway Monitor Reset<br>
2021-06-23 23:32:28 --- Gateway Monitor Reset<br>
2021-06-23 23:32:24 --- Gateway Monitor Reset<br>
2021-06-23 23:32:20 --- Gateway Monitor Reset<br>
2021-06-23 23:32:16 --- Gateway Monitor Reset<br>
2021-06-23 23:32:11 --- Gateway Monitor Reset<br>
2021-06-23 23:32:07 --- Gateway Monitor Reset<br>
2021-06-23 23:32:03 --- Gateway Monitor Reset<br>
2021-06-23 23:31:59 --- Gateway Monitor Reset<br>
2021-06-23 23:31:55 --- Gateway Monitor Reset<br>
2021-06-23 23:31:50 --- Gateway Monitor Reset<br>
2021-06-23 23:31:46 --- Gateway Monitor Reset<br>
2021-06-23 23:31:42 --- Gateway Monitor Reset<br>
2021-06-23 23:31:38 --- Gateway Monitor Reset<br>
2021-06-23 23:31:34 --- Gateway Monitor Reset<br>
2021-06-23 23:31:30 --- Gateway Monitor Reset<br>
2021-06-23 23:31:25 --- Gateway Monitor Reset<br>
2021-06-23 23:31:21 --- Gateway Monitor Reset<br>
2021-06-23 23:31:17 --- Gateway Monitor Reset<br>
2021-06-23 23:31:13 --- Gateway Monitor Reset<br>
2021-06-23 23:31:09 --- Gateway Monitor Reset<br>
2021-06-23 23:31:04 --- Gateway Monitor Reset<br>
2021-06-23 23:31:00 --- Gateway Monitor Reset<br>
2021-06-23 23:30:56 --- Gateway Monitor Reset<br>
2021-06-23 23:30:52 --- Gateway Monitor Reset<br>
2021-06-23 23:30:48 --- Gateway Monitor Reset<br>
2021-06-23 23:30:44 --- Gateway Monitor Reset<br>
2021-06-23 23:30:39 --- Gateway Monitor Reset<br>
2021-06-23 23:30:35 --- Gateway Monitor Reset<br>
2021-06-23 23:30:31 --- Gateway Monitor Reset<br>
2021-06-23 23:30:27 --- Gateway Monitor Reset<br>
2021-06-23 23:30:23 --- Gateway Monitor Reset<br>
2021-06-23 23:30:18 --- Gateway Monitor Reset<br>
2021-06-23 23:30:14 --- Gateway Monitor Reset<br>
2021-06-23 23:30:10 --- Gateway Monitor Reset<br>
2021-06-23 23:30:06 --- Gateway Monitor Reset<br>
2021-06-23 23:30:02 --- Gateway Monitor Reset<br>
2021-06-23 23:29:57 --- Gateway Monitor Reset<br>
2021-06-23 23:29:53 --- Gateway Monitor Reset<br>
2021-06-23 23:29:49 --- Gateway Monitor Reset<br>
2021-06-23 23:29:45 --- Gateway Monitor Reset<br>
2021-06-23 23:29:41 --- Gateway Monitor Reset<br>
2021-06-23 23:29:36 --- Gateway Monitor Reset<br>
2021-06-23 23:29:32 --- Gateway Monitor Reset<br>
2021-06-23 23:29:28 --- Gateway Monitor Reset<br>
2021-06-23 23:29:24 --- Gateway Monitor Reset<br>
2021-06-23 23:29:20 --- Gateway Monitor Reset<br>
2021-06-23 23:29:15 --- Gateway Monitor Reset<br>
2021-06-23 23:29:11 --- Gateway Monitor Reset<br>
2021-06-23 23:29:07 --- Gateway Monitor Reset<br>
2021-06-23 23:29:03 --- Gateway Monitor Reset<br>
2021-06-23 23:28:59 --- Gateway Monitor Reset<br>
2021-06-23 23:28:55 --- Gateway Monitor Reset<br>
2021-06-23 23:28:50 --- Gateway Monitor Reset<br>
2021-06-23 23:28:46 --- Gateway Monitor Reset<br>
2021-06-23 23:28:42 --- Gateway Monitor Reset<br>
2021-06-23 23:28:38 --- Gateway Monitor Reset<br>
2021-06-23 23:28:34 --- Gateway Monitor Reset<br>
2021-06-23 23:28:29 --- Gateway Monitor Reset<br>
2021-06-23 23:28:25 --- Gateway Monitor Reset<br>
2021-06-23 23:28:21 --- Gateway Monitor Reset<br>
2021-06-23 23:28:17 --- Gateway Monitor Reset<br>
2021-06-23 23:28:13 --- Gateway Monitor Reset<br>
2021-06-23 23:28:08 --- Gateway Monitor Reset<br>
2021-06-23 23:28:04 --- Gateway Monitor Reset<br>
2021-06-23 23:28:00 --- Gateway Monitor Reset<br>
2021-06-23 23:27:56 --- Gateway Monitor Reset<br>
2021-06-23 23:27:52 --- Gateway Monitor Reset<br>
2021-06-23 23:27:47 --- Gateway Monitor Reset<br>
2021-06-23 23:27:43 --- Gateway Monitor Reset<br>
2021-06-23 23:27:39 --- Gateway Monitor Reset<br>
2021-06-23 23:27:35 --- Gateway Monitor Reset<br>
2021-06-23 23:27:31 --- Gateway Monitor Reset<br>
2021-06-23 23:27:27 --- Gateway Monitor Reset<br>
2021-06-23 23:27:22 --- Gateway Monitor Reset<br>
2021-06-23 23:27:18 --- Gateway Monitor Reset<br>
2021-06-23 23:27:14 --- Gateway Monitor Reset<br>
2021-06-23 23:27:10 --- Gateway Monitor Reset<br>
2021-06-23 23:27:06 --- Gateway Monitor Reset<br>
2021-06-23 23:27:01 --- Gateway Monitor Reset<br>
2021-06-23 23:26:57 --- Gateway Monitor Reset<br>
2021-06-23 23:26:53 --- Gateway Monitor Reset<br>
2021-06-23 23:26:49 --- Gateway Monitor Reset<br>
2021-06-23 23:26:45 --- Gateway Monitor Reset<br>
2021-06-23 23:26:40 --- Gateway Monitor Reset<br>
2021-06-23 23:26:36 --- Gateway Monitor Reset<br>
2021-06-23 23:26:32 --- Gateway Monitor Reset<br>
2021-06-23 23:26:28 --- Gateway Monitor Reset<br>
2021-06-23 23:26:24 --- Gateway Monitor Reset<br>
2021-06-23 23:26:20 --- Gateway Monitor Reset<br>
2021-06-23 23:26:15 --- Gateway Monitor Reset<br>
2021-06-23 23:26:11 --- Gateway Monitor Reset<br>
2021-06-23 23:26:07 --- Gateway Monitor Reset<br>
2021-06-23 23:26:03 --- Gateway Monitor Reset<br>
2021-06-23 23:25:59 --- Gateway Monitor Reset<br>
2021-06-23 23:25:54 --- Gateway Monitor Reset<br>
2021-06-23 23:25:50 --- Gateway Monitor Reset<br>
2021-06-23 23:25:46 --- Gateway Monitor Reset<br>
2021-06-23 23:25:42 --- Gateway Monitor Reset<br>
2021-06-23 23:25:38 --- Gateway Monitor Reset<br>
2021-06-23 23:25:34 --- Gateway Monitor Reset<br>
2021-06-23 23:25:29 --- Gateway Monitor Reset<br>
2021-06-23 23:25:25 --- Gateway Monitor Reset<br>
2021-06-23 23:25:21 --- Gateway Monitor Reset<br>
2021-06-23 23:25:17 --- Gateway Monitor Reset<br>
2021-06-23 23:25:13 --- Gateway Monitor Reset<br>
2021-06-23 23:25:08 --- Gateway Monitor Reset<br>
2021-06-23 23:25:04 --- Gateway Monitor Reset<br>
2021-06-23 23:25:00 --- Gateway Monitor Reset<br>
2021-06-23 23:24:56 --- Gateway Monitor Reset<br>
2021-06-23 23:24:52 --- Gateway Monitor Reset<br>
2021-06-23 23:24:47 --- Gateway Monitor Reset<br>
2021-06-23 23:24:43 --- Gateway Monitor Reset<br>
2021-06-23 23:24:39 --- Gateway Monitor Reset<br>
2021-06-23 23:24:35 --- Gateway Monitor Reset<br>
2021-06-23 23:24:31 --- Gateway Monitor Reset<br>
2021-06-23 23:24:26 --- Gateway Monitor Reset<br>
2021-06-23 23:24:22 --- Gateway Monitor Reset<br>
2021-06-23 23:24:18 --- Gateway Monitor Reset<br>
2021-06-23 23:24:14 --- Gateway Monitor Reset<br>
2021-06-23 23:24:10 --- Gateway Monitor Reset<br>
2021-06-23 23:24:06 --- Gateway Monitor Reset<br>
2021-06-23 23:24:01 --- Gateway Monitor Reset<br>
2021-06-23 23:23:57 --- Gateway Monitor Reset<br>
2021-06-23 23:23:53 --- Gateway Monitor Reset<br>
2021-06-23 23:23:49 --- Gateway Monitor Reset<br>
2021-06-23 23:23:45 --- Gateway Monitor Reset<br>
2021-06-23 23:23:40 --- Gateway Monitor Reset<br>
2021-06-23 23:23:36 --- Gateway Monitor Reset<br>
2021-06-23 23:23:32 --- Gateway Monitor Reset<br>
2021-06-23 23:23:28 --- Gateway Monitor Reset<br>
2021-06-23 23:23:24 --- Gateway Monitor Reset<br>
2021-06-23 23:23:19 --- Gateway Monitor Reset<br>
2021-06-23 23:23:15 --- Gateway Monitor Reset<br>
2021-06-23 23:23:11 --- Gateway Monitor Reset<br>
2021-06-23 23:23:07 --- Gateway Monitor Reset<br>
2021-06-23 23:23:03 --- Gateway Monitor Reset<br>
2021-06-23 23:22:59 --- Gateway Monitor Reset<br>
2021-06-23 23:22:54 --- Gateway Monitor Reset<br>
2021-06-23 23:22:50 --- Gateway Monitor Reset<br>
2021-06-23 23:22:46 --- Gateway Monitor Reset<br>
2021-06-23 23:22:42 --- Gateway Monitor Reset<br>
2021-06-23 23:22:38 --- Gateway Monitor Reset<br>
2021-06-23 23:22:33 --- Gateway Monitor Reset<br>
2021-06-23 23:22:29 --- Gateway Monitor Reset<br>
2021-06-23 23:22:25 --- Gateway Monitor Reset<br>
2021-06-23 23:22:21 --- Gateway Monitor Reset<br>
2021-06-23 23:22:17 --- Gateway Monitor Reset<br>
2021-06-23 23:22:12 --- Gateway Monitor Reset<br>
2021-06-23 23:22:08 --- Gateway Monitor Reset<br>
2021-06-23 23:22:04 --- Gateway Monitor Reset<br>
2021-06-23 23:22:00 --- Gateway Monitor Reset<br>
2021-06-23 23:21:56 --- Gateway Monitor Reset<br>
2021-06-23 23:21:51 --- Gateway Monitor Reset<br>
2021-06-23 23:21:47 --- Gateway Monitor Reset<br>
2021-06-23 23:21:43 --- Gateway Monitor Reset<br>
2021-06-23 23:21:39 --- Gateway Monitor Reset<br>
2021-06-23 23:21:35 --- Gateway Monitor Reset<br>
2021-06-23 23:21:31 --- Gateway Monitor Reset<br>
2021-06-23 23:21:26 --- Gateway Monitor Reset<br>
2021-06-23 23:21:22 --- Gateway Monitor Reset<br>
2021-06-23 23:21:18 --- Gateway Monitor Reset<br>
2021-06-23 23:21:14 --- Gateway Monitor Reset<br>
2021-06-23 23:21:10 --- Gateway Monitor Reset<br>
2021-06-23 23:21:05 --- Gateway Monitor Reset<br>
2021-06-23 23:21:01 --- Gateway Monitor Reset<br>
2021-06-23 23:20:57 --- Gateway Monitor Reset<br>
2021-06-23 23:20:53 --- Gateway Monitor Reset<br>
2021-06-23 23:20:49 --- Gateway Monitor Reset<br>
2021-06-23 23:20:44 --- Gateway Monitor Reset<br>
2021-06-23 23:20:40 --- Gateway Monitor Reset<br>
2021-06-23 23:20:36 --- Gateway Monitor Reset<br>
2021-06-23 23:20:32 --- Gateway Monitor Reset<br>
2021-06-23 23:20:28 --- Gateway Monitor Reset<br>
2021-06-23 23:20:24 --- Gateway Monitor Reset<br>
2021-06-23 23:20:19 --- Gateway Monitor Reset<br>
2021-06-23 23:20:15 --- Gateway Monitor Reset<br>
2021-06-23 23:20:11 --- Gateway Monitor Reset<br>
2021-06-23 23:20:07 --- Gateway Monitor Reset<br>
2021-06-23 23:20:03 --- Gateway Monitor Reset<br>
2021-06-23 23:19:58 --- Gateway Monitor Reset<br>
2021-06-23 23:19:54 --- Gateway Monitor Reset<br>
2021-06-23 23:19:50 --- Gateway Monitor Reset<br>
2021-06-23 23:19:46 --- Gateway Monitor Reset<br>
2021-06-23 23:19:42 --- Gateway Monitor Reset<br>
2021-06-23 23:19:37 --- Gateway Monitor Reset<br>
2021-06-23 23:19:33 --- Gateway Monitor Reset<br>
2021-06-23 23:19:29 --- Gateway Monitor Reset<br>
2021-06-23 23:19:25 --- Gateway Monitor Reset<br>
2021-06-23 23:19:21 --- Gateway Monitor Reset<br>
2021-06-23 23:19:17 --- Gateway Monitor Reset<br>
2021-06-23 23:19:12 --- Gateway Monitor Reset<br>
2021-06-23 23:19:08 --- Gateway Monitor Reset<br>
2021-06-23 23:19:04 --- Gateway Monitor Reset<br>
2021-06-23 23:19:00 --- Gateway Monitor Reset<br>
2021-06-23 23:18:56 --- Gateway Monitor Reset<br>
2021-06-23 23:18:51 --- Gateway Monitor Reset<br>
2021-06-23 23:18:47 --- Gateway Monitor Reset<br>
2021-06-23 23:18:43 --- Gateway Monitor Reset<br>
2021-06-23 23:18:39 --- Gateway Monitor Reset<br>
2021-06-23 23:18:35 --- Gateway Monitor Reset<br>
2021-06-23 23:18:30 --- Gateway Monitor Reset<br>
2021-06-23 23:18:26 --- Gateway Monitor Reset<br>
2021-06-23 23:18:22 --- Gateway Monitor Reset<br>
2021-06-23 23:18:18 --- Gateway Monitor Reset<br>
2021-06-23 23:18:14 --- Gateway Monitor Reset<br>
2021-06-23 23:18:09 --- Gateway Monitor Reset<br>
2021-06-23 23:18:05 --- Gateway Monitor Reset<br>
2021-06-23 23:18:01 --- Gateway Monitor Reset<br>
2021-06-23 23:17:57 --- Gateway Monitor Reset<br>
2021-06-23 23:17:53 --- Gateway Monitor Reset<br>
2021-06-23 23:17:48 --- Gateway Monitor Reset<br>
2021-06-23 23:17:44 --- Gateway Monitor Reset<br>
2021-06-23 23:17:40 --- Gateway Monitor Reset<br>
2021-06-23 23:17:36 --- Gateway Monitor Reset<br>
2021-06-23 23:17:32 --- Gateway Monitor Reset<br>
2021-06-23 23:17:27 --- Gateway Monitor Reset<br>
2021-06-23 23:17:23 --- Gateway Monitor Reset<br>
2021-06-23 23:17:19 --- Gateway Monitor Reset<br>
2021-06-23 23:17:15 --- Gateway Monitor Reset<br>
2021-06-23 23:17:11 --- Gateway Monitor Reset<br>
2021-06-23 23:17:07 --- Gateway Monitor Reset<br>
2021-06-23 23:17:02 --- Gateway Monitor Reset<br>
2021-06-23 23:16:58 --- Gateway Monitor Reset<br>
2021-06-23 23:16:54 --- Gateway Monitor Reset<br>
2021-06-23 23:16:50 --- Gateway Monitor Reset<br>
2021-06-23 23:16:46 --- Gateway Monitor Reset<br>
2021-06-23 23:16:41 --- Gateway Monitor Reset<br>
2021-06-23 23:16:37 --- Gateway Monitor Reset<br>
2021-06-23 23:16:33 --- Gateway Monitor Reset<br>
2021-06-23 23:16:29 --- Gateway Monitor Reset<br>
2021-06-23 23:16:25 --- Gateway Monitor Reset<br>
2021-06-23 23:16:20 --- Gateway Monitor Reset<br>
2021-06-23 23:16:16 --- Gateway Monitor Reset<br>
2021-06-23 23:16:12 --- Gateway Monitor Reset<br>
2021-06-23 23:16:08 --- Gateway Monitor Reset<br>
2021-06-23 23:16:04 --- Gateway Monitor Reset<br>
2021-06-23 23:15:59 --- Gateway Monitor Reset<br>
2021-06-23 23:15:55 --- Gateway Monitor Reset<br>
2021-06-23 23:15:51 --- Gateway Monitor Reset<br>
2021-06-23 23:15:47 --- Gateway Monitor Reset<br>
2021-06-23 23:15:43 --- Gateway Monitor Reset<br>
2021-06-23 23:15:38 --- Gateway Monitor Reset<br>
2021-06-23 23:15:34 --- Gateway Monitor Reset<br>
2021-06-23 23:15:30 --- Gateway Monitor Reset<br>
2021-06-23 23:15:26 --- Gateway Monitor Reset<br>
2021-06-23 23:15:22 --- Gateway Monitor Reset<br>
2021-06-23 23:15:18 --- Gateway Monitor Reset<br>
2021-06-23 23:15:13 --- Gateway Monitor Reset<br>
2021-06-23 23:15:09 --- Gateway Monitor Reset<br>
2021-06-23 23:15:05 --- Gateway Monitor Reset<br>
2021-06-23 23:15:01 --- Gateway Monitor Reset<br>
2021-06-23 23:14:57 --- Gateway Monitor Reset<br>
2021-06-23 23:14:52 --- Gateway Monitor Reset<br>
2021-06-23 23:14:48 --- Gateway Monitor Reset<br>
2021-06-23 23:14:44 --- Gateway Monitor Reset<br>
2021-06-23 23:14:40 --- Gateway Monitor Reset<br>
2021-06-23 23:14:36 --- Gateway Monitor Reset<br>
2021-06-23 23:14:31 --- Gateway Monitor Reset<br>
2021-06-23 23:14:27 --- Gateway Monitor Reset<br>
2021-06-23 23:14:23 --- Gateway Monitor Reset<br>
2021-06-23 23:14:19 --- Gateway Monitor Reset<br>
2021-06-23 23:14:15 --- Gateway Monitor Reset<br>
2021-06-23 23:14:10 --- Gateway Monitor Reset<br>
2021-06-23 23:14:06 --- Gateway Monitor Reset<br>
2021-06-23 23:14:02 --- Gateway Monitor Reset<br>
2021-06-23 23:13:58 --- Gateway Monitor Reset<br>
2021-06-23 23:13:54 --- Gateway Monitor Reset<br>
2021-06-23 23:13:50 --- Gateway Monitor Reset<br>
2021-06-23 23:13:45 --- Gateway Monitor Reset<br>
2021-06-23 23:13:41 --- Gateway Monitor Reset<br>
2021-06-23 23:13:37 --- Gateway Monitor Reset<br>
2021-06-23 23:13:33 --- Gateway Monitor Reset<br>
2021-06-23 23:13:29 --- Gateway Monitor Reset<br>
2021-06-23 23:13:24 --- Gateway Monitor Reset<br>
2021-06-23 23:13:20 --- Gateway Monitor Reset<br>
2021-06-23 23:13:16 --- Gateway Monitor Reset<br>
2021-06-23 23:13:12 --- Gateway Monitor Reset<br>
2021-06-23 23:13:08 --- Gateway Monitor Reset<br>
2021-06-23 23:13:03 --- Gateway Monitor Reset<br>
2021-06-23 23:12:59 --- Gateway Monitor Reset<br>
2021-06-23 23:12:55 --- Gateway Monitor Reset<br>
2021-06-23 23:12:51 --- Gateway Monitor Reset<br>
2021-06-23 23:12:47 --- Gateway Monitor Reset<br>
2021-06-23 23:12:43 --- Gateway Monitor Reset<br>
2021-06-23 23:12:38 --- Gateway Monitor Reset<br>
2021-06-23 23:12:34 --- Gateway Monitor Reset<br>
2021-06-23 23:12:30 --- Gateway Monitor Reset<br>
2021-06-23 23:12:26 --- Gateway Monitor Reset<br>
2021-06-23 23:12:22 --- Gateway Monitor Reset<br>
2021-06-23 23:12:17 --- Gateway Monitor Reset<br>
2021-06-23 23:12:13 --- Gateway Monitor Reset<br>
2021-06-23 23:12:09 --- Gateway Monitor Reset<br>
2021-06-23 23:12:05 --- Gateway Monitor Reset<br>
2021-06-23 23:12:01 --- Gateway Monitor Reset<br>
2021-06-23 23:11:56 --- Gateway Monitor Reset<br>
2021-06-23 23:11:52 --- Gateway Monitor Reset<br>
2021-06-23 23:11:48 --- Gateway Monitor Reset<br>
2021-06-23 23:11:44 --- Gateway Monitor Reset<br>
2021-06-23 23:11:40 --- Gateway Monitor Reset<br>
2021-06-23 23:11:35 --- Gateway Monitor Reset<br>
2021-06-23 23:11:31 --- Gateway Monitor Reset<br>
2021-06-23 23:11:27 --- Gateway Monitor Reset<br>
2021-06-23 23:11:23 --- Gateway Monitor Reset<br>
2021-06-23 23:11:19 --- Gateway Monitor Reset<br>
2021-06-23 23:11:14 --- Gateway Monitor Reset<br>
2021-06-23 23:11:10 --- Gateway Monitor Reset<br>
2021-06-23 23:11:06 --- Gateway Monitor Reset<br>
2021-06-23 23:11:02 --- Gateway Monitor Reset<br>
2021-06-23 23:10:58 --- Gateway Monitor Reset<br>
2021-06-23 23:10:53 --- Gateway Monitor Reset<br>
2021-06-23 23:10:49 --- Gateway Monitor Reset<br>
2021-06-23 23:10:45 --- Gateway Monitor Reset<br>
2021-06-23 23:10:41 --- Gateway Monitor Reset<br>
2021-06-23 23:10:37 --- Gateway Monitor Reset<br>
2021-06-23 23:10:33 --- Gateway Monitor Reset<br>
2021-06-23 23:10:28 --- Gateway Monitor Reset<br>
2021-06-23 23:10:24 --- Gateway Monitor Reset<br>
2021-06-23 23:10:20 --- Gateway Monitor Reset<br>
2021-06-23 23:10:16 --- Gateway Monitor Reset<br>
2021-06-23 23:10:12 --- Gateway Monitor Reset<br>
2021-06-23 23:10:07 --- Gateway Monitor Reset<br>
2021-06-23 23:10:03 --- Gateway Monitor Reset<br>
2021-06-23 23:09:59 --- Gateway Monitor Reset<br>
2021-06-23 23:09:55 --- Gateway Monitor Reset<br>
2021-06-23 23:09:51 --- Gateway Monitor Reset<br>
2021-06-23 23:09:47 --- Gateway Monitor Reset<br>
2021-06-23 23:09:42 --- Gateway Monitor Reset<br>
2021-06-23 23:09:38 --- Gateway Monitor Reset<br>
2021-06-23 23:09:34 --- Gateway Monitor Reset<br>
2021-06-23 23:09:30 --- Gateway Monitor Reset<br>
2021-06-23 23:09:26 --- Gateway Monitor Reset<br>
2021-06-23 23:09:21 --- Gateway Monitor Reset<br>
2021-06-23 23:09:17 --- Gateway Monitor Reset<br>
2021-06-23 23:09:13 --- Gateway Monitor Reset<br>
2021-06-23 23:09:09 --- Gateway Monitor Reset<br>
2021-06-23 23:09:05 --- Gateway Monitor Reset<br>
2021-06-23 23:09:01 --- Gateway Monitor Reset<br>
2021-06-23 23:08:56 --- Gateway Monitor Reset<br>
2021-06-23 23:08:52 --- Gateway Monitor Reset<br>
2021-06-23 23:08:48 --- Gateway Monitor Reset<br>
2021-06-23 23:08:44 --- Gateway Monitor Reset<br>
2021-06-23 23:08:40 --- Gateway Monitor Reset<br>
2021-06-23 23:08:35 --- Gateway Monitor Reset<br>
2021-06-23 23:08:31 --- Gateway Monitor Reset<br>
2021-06-23 23:08:27 --- Gateway Monitor Reset<br>
2021-06-23 23:08:23 --- Gateway Monitor Reset<br>
2021-06-23 23:08:19 --- Gateway Monitor Reset<br>
2021-06-23 23:08:14 --- Gateway Monitor Reset<br>
2021-06-23 23:08:10 --- Gateway Monitor Reset<br>
2021-06-23 23:08:06 --- Gateway Monitor Reset<br>
2021-06-23 23:08:02 --- Gateway Monitor Reset<br>
2021-06-23 23:07:58 --- Gateway Monitor Reset<br>
2021-06-23 23:07:53 --- Gateway Monitor Reset<br>
2021-06-23 23:07:49 --- Gateway Monitor Reset<br>
2021-06-23 23:07:45 --- Gateway Monitor Reset<br>
2021-06-23 23:07:41 --- Gateway Monitor Reset<br>
2021-06-23 23:07:37 --- Gateway Monitor Reset<br>
2021-06-23 23:07:32 --- Gateway Monitor Reset<br>
2021-06-23 23:07:28 --- Gateway Monitor Reset<br>
2021-06-23 23:07:24 --- Gateway Monitor Reset<br>
2021-06-23 23:07:20 --- Gateway Monitor Reset<br>
2021-06-23 23:07:15 --- Gateway Monitor Reset<br>
2021-06-23 23:07:11 --- Gateway Monitor Reset<br>
2021-06-23 23:07:07 --- Gateway Monitor Reset<br>
2021-06-23 23:07:03 --- Gateway Monitor Reset<br>
2021-06-23 23:06:59 --- Gateway Monitor Reset<br>
2021-06-23 23:06:54 --- Gateway Monitor Reset<br>
2021-06-23 23:06:50 --- Gateway Monitor Reset<br>
2021-06-23 23:06:46 --- Gateway Monitor Reset<br>
2021-06-23 23:06:42 --- Gateway Monitor Reset<br>
2021-06-23 23:06:38 --- Gateway Monitor Reset<br>
2021-06-23 23:06:34 --- Gateway Monitor Reset<br>
2021-06-23 23:06:29 --- Gateway Monitor Reset<br>
2021-06-23 23:06:25 --- Gateway Monitor Reset<br>
2021-06-23 23:06:21 --- Gateway Monitor Reset<br>
2021-06-23 23:06:17 --- Gateway Monitor Reset<br>
2021-06-23 23:06:13 --- Gateway Monitor Reset<br>
2021-06-23 23:06:08 --- Gateway Monitor Reset<br>
2021-06-23 23:06:04 --- Gateway Monitor Reset<br>
2021-06-23 23:06:00 --- Gateway Monitor Reset<br>
2021-06-23 23:05:56 --- Gateway Monitor Reset<br>
2021-06-23 23:05:52 --- Gateway Monitor Reset<br>
2021-06-23 23:05:47 --- Gateway Monitor Reset<br>
2021-06-23 23:05:43 --- Gateway Monitor Reset<br>
2021-06-23 23:05:39 --- Gateway Monitor Reset<br>
2021-06-23 23:05:35 --- Gateway Monitor Reset<br>
2021-06-23 23:05:31 --- Gateway Monitor Reset<br>
2021-06-23 23:05:27 --- Gateway Monitor Reset<br>
2021-06-23 23:05:22 --- Gateway Monitor Reset<br>
2021-06-23 23:05:18 --- Gateway Monitor Reset<br>
2021-06-23 23:05:14 --- Gateway Monitor Reset<br>
2021-06-23 23:05:10 --- Gateway Monitor Reset<br>
2021-06-23 23:05:06 --- Gateway Monitor Reset<br>
2021-06-23 23:05:01 --- Gateway Monitor Reset<br>
2021-06-23 23:04:57 --- Gateway Monitor Reset<br>
2021-06-23 23:04:53 --- Gateway Monitor Reset<br>
2021-06-23 23:04:49 --- Gateway Monitor Reset<br>
2021-06-23 23:04:45 --- Gateway Monitor Reset<br>
2021-06-23 23:04:40 --- Gateway Monitor Reset<br>
2021-06-23 23:04:36 --- Gateway Monitor Reset<br>
2021-06-23 23:04:32 --- Gateway Monitor Reset<br>
2021-06-23 23:04:28 --- Gateway Monitor Reset<br>
2021-06-23 23:04:24 --- Gateway Monitor Reset<br>
2021-06-23 23:04:19 --- Gateway Monitor Reset<br>
2021-06-23 23:04:15 --- Gateway Monitor Reset<br>
2021-06-23 23:04:11 --- Gateway Monitor Reset<br>
2021-06-23 23:04:07 --- Gateway Monitor Reset<br>
2021-06-23 23:04:03 --- Gateway Monitor Reset<br>
2021-06-23 23:03:59 --- Gateway Monitor Reset<br>
2021-06-23 23:03:54 --- Gateway Monitor Reset<br>
2021-06-23 23:03:50 --- Gateway Monitor Reset<br>
2021-06-23 23:03:46 --- Gateway Monitor Reset<br>
2021-06-23 23:03:42 --- Gateway Monitor Reset<br>
2021-06-23 23:03:38 --- Gateway Monitor Reset<br>
2021-06-23 23:03:33 --- Gateway Monitor Reset<br>
2021-06-23 23:03:29 --- Gateway Monitor Reset<br>
2021-06-23 23:03:25 --- Gateway Monitor Reset<br>
2021-06-23 23:03:21 --- Gateway Monitor Reset<br>
2021-06-23 23:03:17 --- Gateway Monitor Reset<br>
2021-06-23 23:03:13 --- Gateway Monitor Reset<br>
2021-06-23 23:03:08 --- Gateway Monitor Reset<br>
2021-06-23 23:03:04 --- Gateway Monitor Reset<br>
2021-06-23 23:03:00 --- Gateway Monitor Reset<br>
2021-06-23 23:02:56 --- Gateway Monitor Reset<br>
2021-06-23 23:02:52 --- Gateway Monitor Reset<br>
2021-06-23 23:02:47 --- Gateway Monitor Reset<br>
2021-06-23 23:02:43 --- Gateway Monitor Reset<br>
2021-06-23 23:02:39 --- Gateway Monitor Reset<br>
2021-06-23 23:02:35 --- Gateway Monitor Reset<br>
2021-06-23 23:02:31 --- Gateway Monitor Reset<br>
2021-06-23 23:02:27 --- Gateway Monitor Reset<br>
2021-06-23 23:02:22 --- Gateway Monitor Reset<br>
2021-06-23 23:02:18 --- Gateway Monitor Reset<br>
2021-06-23 23:02:14 --- Gateway Monitor Reset<br>
2021-06-23 23:02:10 --- Gateway Monitor Reset<br>
2021-06-23 23:02:06 --- Gateway Monitor Reset<br>
2021-06-23 23:02:01 --- Gateway Monitor Reset<br>
2021-06-23 23:01:57 --- Gateway Monitor Reset<br>
2021-06-23 23:01:53 --- Gateway Monitor Reset<br>
2021-06-23 23:01:49 --- Gateway Monitor Reset<br>
2021-06-23 23:01:45 --- Gateway Monitor Reset<br>
2021-06-23 23:01:40 --- Gateway Monitor Reset<br>
2021-06-23 23:01:36 --- Gateway Monitor Reset<br>
2021-06-23 23:01:32 --- Gateway Monitor Reset<br>
2021-06-23 23:01:28 --- Gateway Monitor Reset<br>
2021-06-23 23:01:24 --- Gateway Monitor Reset<br>
2021-06-23 23:01:19 --- Gateway Monitor Reset<br>
2021-06-23 23:01:15 --- Gateway Monitor Reset<br>
2021-06-23 23:01:11 --- Gateway Monitor Reset<br>
2021-06-23 23:01:07 --- Gateway Monitor Reset<br>
2021-06-23 23:01:03 --- Gateway Monitor Reset<br>
2021-06-23 23:00:59 --- Gateway Monitor Reset<br>
2021-06-23 23:00:54 --- Gateway Monitor Reset<br>
2021-06-23 23:00:50 --- Gateway Monitor Reset<br>
2021-06-23 23:00:46 --- Gateway Monitor Reset<br>
2021-06-23 23:00:42 --- Gateway Monitor Reset<br>
2021-06-23 23:00:38 --- Gateway Monitor Reset<br>
2021-06-23 23:00:34 --- Gateway Monitor Reset<br>
2021-06-23 23:00:29 --- Gateway Monitor Reset<br>
2021-06-23 23:00:25 --- Gateway Monitor Reset<br>
2021-06-23 23:00:21 --- Gateway Monitor Reset<br>
2021-06-23 23:00:17 --- Gateway Monitor Reset<br>
2021-06-23 23:00:13 --- Gateway Monitor Reset<br>
2021-06-23 23:00:08 --- Gateway Monitor Reset<br>
2021-06-23 23:00:04 --- Gateway Monitor Reset<br>
2021-06-23 23:00:00 --- Gateway Monitor Reset<br>
2021-06-23 22:59:56 --- Gateway Monitor Reset<br>
2021-06-23 22:59:52 --- Gateway Monitor Reset<br>
2021-06-23 22:59:47 --- Gateway Monitor Reset<br>
2021-06-23 22:59:43 --- Gateway Monitor Reset<br>
2021-06-23 22:59:39 --- Gateway Monitor Reset<br>
2021-06-23 22:59:35 --- Gateway Monitor Reset<br>
2021-06-23 22:59:31 --- Gateway Monitor Reset<br>
2021-06-23 22:59:26 --- Gateway Monitor Reset<br>
2021-06-23 22:59:22 --- Gateway Monitor Reset<br>
2021-06-23 22:59:18 --- Gateway Monitor Reset<br>
2021-06-23 22:59:14 --- Gateway Monitor Reset<br>
2021-06-23 22:59:10 --- Gateway Monitor Reset<br>
2021-06-23 22:59:05 --- Gateway Monitor Reset<br>
2021-06-23 22:59:01 --- Gateway Monitor Reset<br>
2021-06-23 22:58:57 --- Gateway Monitor Reset<br>
2021-06-23 22:58:53 --- Gateway Monitor Reset<br>
2021-06-23 22:58:49 --- Gateway Monitor Reset<br>
2021-06-23 22:58:45 --- Gateway Monitor Reset<br>
2021-06-23 22:58:40 --- Gateway Monitor Reset<br>
2021-06-23 22:58:36 --- Gateway Monitor Reset<br>
2021-06-23 22:58:32 --- Gateway Monitor Reset<br>
2021-06-23 22:58:28 --- Gateway Monitor Reset<br>
2021-06-23 22:58:24 --- Gateway Monitor Reset<br>
2021-06-23 22:58:19 --- Gateway Monitor Reset<br>
2021-06-23 22:58:15 --- Gateway Monitor Reset<br>
2021-06-23 22:58:11 --- Gateway Monitor Reset<br>
2021-06-23 22:58:07 --- Gateway Monitor Reset<br>
2021-06-23 22:58:03 --- Gateway Monitor Reset<br>
2021-06-23 22:57:59 --- Gateway Monitor Reset<br>
2021-06-23 22:57:54 --- Gateway Monitor Reset<br>
2021-06-23 22:57:49 --- Gateway Monitor Reset<br>
2021-06-23 22:57:45 --- Gateway Monitor Reset<br>
2021-06-23 22:57:41 --- Gateway Monitor Reset<br>
2021-06-23 22:57:37 --- Gateway Monitor Reset<br>
2021-06-23 22:57:32 --- Gateway Monitor Reset<br>
2021-06-23 22:57:28 --- Gateway Monitor Reset<br>
2021-06-23 22:57:24 --- Gateway Monitor Reset<br>
2021-06-23 22:57:20 --- Gateway Monitor Reset<br>
2021-06-23 22:57:16 --- Gateway Monitor Reset<br>
2021-06-23 22:57:11 --- Gateway Monitor Reset<br>
2021-06-23 22:57:07 --- Gateway Monitor Reset<br>
2021-06-23 22:57:03 --- Gateway Monitor Reset<br>
2021-06-23 22:56:59 --- Gateway Monitor Reset<br>
2021-06-23 22:56:55 --- Gateway Monitor Reset<br>
2021-06-23 22:56:50 --- Gateway Monitor Reset<br>
2021-06-23 22:56:46 --- Gateway Monitor Reset<br>
2021-06-23 22:56:42 --- Gateway Monitor Reset<br>
2021-06-23 22:56:38 --- Gateway Monitor Reset<br>
2021-06-23 22:56:34 --- Gateway Monitor Reset<br>
2021-06-23 22:56:29 --- Gateway Monitor Reset<br>
2021-06-23 22:56:25 --- Gateway Monitor Reset<br>
2021-06-23 22:56:21 --- Gateway Monitor Reset<br>
2021-06-23 22:56:17 --- Gateway Monitor Reset<br>
2021-06-23 22:56:13 --- Gateway Monitor Reset<br>
2021-06-23 22:56:09 --- Gateway Monitor Reset<br>
2021-06-23 22:56:04 --- Gateway Monitor Reset<br>
2021-06-23 22:56:00 --- Gateway Monitor Reset<br>
2021-06-23 22:55:56 --- Gateway Monitor Reset<br>
2021-06-23 22:55:52 --- Gateway Monitor Reset<br>
2021-06-23 22:55:48 --- Gateway Monitor Reset<br>
2021-06-23 22:55:43 --- Gateway Monitor Reset<br>
2021-06-23 22:55:39 --- Gateway Monitor Reset<br>
2021-06-23 22:55:35 --- Gateway Monitor Reset<br>
2021-06-23 22:55:31 --- Gateway Monitor Reset<br>
2021-06-23 22:55:27 --- Gateway Monitor Reset<br>
2021-06-23 22:55:23 --- Gateway Monitor Reset<br>
2021-06-23 22:55:18 --- Gateway Monitor Reset<br>
2021-06-23 22:55:14 --- Gateway Monitor Reset<br>
2021-06-23 22:55:10 --- Gateway Monitor Reset<br>
2021-06-23 22:55:06 --- Gateway Monitor Reset<br>
2021-06-23 22:55:02 --- Gateway Monitor Reset<br>
2021-06-23 22:54:57 --- Gateway Monitor Reset<br>
2021-06-23 22:54:53 --- Gateway Monitor Reset<br>
2021-06-23 22:54:49 --- Gateway Monitor Reset<br>
2021-06-23 22:54:45 --- Gateway Monitor Reset<br>
2021-06-23 22:54:41 --- Gateway Monitor Reset<br>
2021-06-23 22:54:37 --- Gateway Monitor Reset<br>
2021-06-23 22:54:32 --- Gateway Monitor Reset<br>
2021-06-23 22:54:28 --- Gateway Monitor Reset<br>
2021-06-23 22:54:24 --- Gateway Monitor Reset<br>
2021-06-23 22:54:20 --- Gateway Monitor Reset<br>
2021-06-23 22:54:16 --- Gateway Monitor Reset<br>
2021-06-23 22:54:11 --- Gateway Monitor Reset<br>
2021-06-23 22:54:07 --- Gateway Monitor Reset<br>
2021-06-23 22:54:03 --- Gateway Monitor Reset<br>
2021-06-23 22:53:59 --- Gateway Monitor Reset<br>
2021-06-23 22:53:55 --- Gateway Monitor Reset<br>
2021-06-23 22:53:50 --- Gateway Monitor Reset<br>
2021-06-23 22:53:46 --- Gateway Monitor Reset<br>
2021-06-23 22:53:42 --- Gateway Monitor Reset<br>
2021-06-23 22:53:38 --- Gateway Monitor Reset<br>
2021-06-23 22:53:34 --- Gateway Monitor Reset<br>
2021-06-23 22:53:30 --- Gateway Monitor Reset<br>
2021-06-23 22:53:25 --- Gateway Monitor Reset<br>
2021-06-23 22:53:21 --- Gateway Monitor Reset<br>
2021-06-23 22:53:17 --- Gateway Monitor Reset<br>
2021-06-23 22:53:13 --- Gateway Monitor Reset<br>
2021-06-23 22:53:09 --- Gateway Monitor Reset<br>
2021-06-23 22:53:04 --- Gateway Monitor Reset<br>
2021-06-23 22:53:00 --- Gateway Monitor Reset<br>
2021-06-23 22:52:56 --- Gateway Monitor Reset<br>
2021-06-23 22:52:52 --- Gateway Monitor Reset<br>
2021-06-23 22:52:48 --- Gateway Monitor Reset<br>
2021-06-23 22:52:43 --- Gateway Monitor Reset<br>
2021-06-23 22:52:39 --- Gateway Monitor Reset<br>
2021-06-23 22:52:35 --- Gateway Monitor Reset<br>
2021-06-23 22:52:31 --- Gateway Monitor Reset<br>
2021-06-23 22:52:27 --- Gateway Monitor Reset<br>
2021-06-23 22:52:23 --- Gateway Monitor Reset<br>
2021-06-23 22:52:18 --- Gateway Monitor Reset<br>
2021-06-23 22:52:14 --- Gateway Monitor Reset<br>
2021-06-23 22:52:10 --- Gateway Monitor Reset<br>
2021-06-23 22:52:06 --- Gateway Monitor Reset<br>
2021-06-23 22:52:02 --- Gateway Monitor Reset<br>
2021-06-23 22:51:57 --- Gateway Monitor Reset<br>
2021-06-23 22:51:53 --- Gateway Monitor Reset<br>
2021-06-23 22:51:49 --- Gateway Monitor Reset<br>
2021-06-23 22:51:45 --- Gateway Monitor Reset<br>
2021-06-23 22:51:41 --- Gateway Monitor Reset<br>
2021-06-23 22:51:36 --- Gateway Monitor Reset<br>
2021-06-23 22:51:32 --- Gateway Monitor Reset<br>
2021-06-23 22:51:28 --- Gateway Monitor Reset<br>
2021-06-23 22:51:24 --- Gateway Monitor Reset<br>
2021-06-23 22:51:20 --- Gateway Monitor Reset<br>
2021-06-23 22:51:15 --- Gateway Monitor Reset<br>
2021-06-23 22:51:11 --- Gateway Monitor Reset<br>
2021-06-23 22:51:07 --- Gateway Monitor Reset<br>
2021-06-23 22:51:03 --- Gateway Monitor Reset<br>
2021-06-23 22:50:59 --- Gateway Monitor Reset<br>
2021-06-23 22:50:55 --- Gateway Monitor Reset<br>
2021-06-23 22:50:50 --- Gateway Monitor Reset<br>
2021-06-23 22:50:46 --- Gateway Monitor Reset<br>
2021-06-23 22:50:42 --- Gateway Monitor Reset<br>
2021-06-23 22:50:38 --- Gateway Monitor Reset<br>
2021-06-23 22:50:34 --- Gateway Monitor Reset<br>
2021-06-23 22:50:29 --- Gateway Monitor Reset<br>
2021-06-23 22:50:25 --- Gateway Monitor Reset<br>
2021-06-23 22:50:21 --- Gateway Monitor Reset<br>
2021-06-23 22:50:17 --- Gateway Monitor Reset<br>
2021-06-23 22:50:13 --- Gateway Monitor Reset<br>
2021-06-23 22:50:08 --- Gateway Monitor Reset<br>
2021-06-23 22:50:04 --- Gateway Monitor Reset<br>
2021-06-23 22:50:00 --- Gateway Monitor Reset<br>
2021-06-23 22:49:56 --- Gateway Monitor Reset<br>
2021-06-23 22:49:52 --- Gateway Monitor Reset<br>
2021-06-23 22:49:48 --- Gateway Monitor Reset<br>
2021-06-23 22:49:43 --- Gateway Monitor Reset<br>
2021-06-23 22:49:39 --- Gateway Monitor Reset<br>
2021-06-23 22:49:35 --- Gateway Monitor Reset<br>
2021-06-23 22:49:31 --- Gateway Monitor Reset<br>
2021-06-23 22:49:27 --- Gateway Monitor Reset<br>
2021-06-23 22:49:22 --- Gateway Monitor Reset<br>
2021-06-23 22:49:18 --- Gateway Monitor Reset<br>
2021-06-23 22:49:14 --- Gateway Monitor Reset<br>
2021-06-23 22:49:10 --- Gateway Monitor Reset<br>
2021-06-23 22:49:06 --- Gateway Monitor Reset<br>
2021-06-23 22:49:01 --- Gateway Monitor Reset<br>
2021-06-23 22:48:57 --- Gateway Monitor Reset<br>
2021-06-23 22:48:53 --- Gateway Monitor Reset<br>
2021-06-23 22:48:49 --- Gateway Monitor Reset<br>
2021-06-23 22:48:45 --- Gateway Monitor Reset<br>
2021-06-23 22:48:41 --- Gateway Monitor Reset<br>
2021-06-23 22:48:36 --- Gateway Monitor Reset<br>
2021-06-23 22:48:32 --- Gateway Monitor Reset<br>
2021-06-23 22:48:28 --- Gateway Monitor Reset<br>
2021-06-23 22:48:24 --- Gateway Monitor Reset<br>
2021-06-23 22:48:20 --- Gateway Monitor Reset<br>
2021-06-23 22:48:15 --- Gateway Monitor Reset<br>
2021-06-23 22:48:11 --- Gateway Monitor Reset<br>
2021-06-23 22:48:07 --- Gateway Monitor Reset<br>
2021-06-23 22:48:03 --- Gateway Monitor Reset<br>
2021-06-23 22:47:59 --- Gateway Monitor Reset<br>
2021-06-23 22:47:55 --- Gateway Monitor Reset<br>
2021-06-23 22:47:50 --- Gateway Monitor Reset<br>
2021-06-23 22:47:46 --- Gateway Monitor Reset<br>
2021-06-23 22:47:42 --- Gateway Monitor Reset<br>
2021-06-23 22:47:38 --- Gateway Monitor Reset<br>
2021-06-23 22:47:34 --- Gateway Monitor Reset<br>
2021-06-23 22:47:29 --- Gateway Monitor Reset<br>
2021-06-23 22:47:25 --- Gateway Monitor Reset<br>
2021-06-23 22:47:21 --- Gateway Monitor Reset<br>
2021-06-23 22:47:17 --- Gateway Monitor Reset<br>
2021-06-23 22:47:13 --- Gateway Monitor Reset<br>
2021-06-23 22:47:08 --- Gateway Monitor Reset<br>
2021-06-23 22:47:04 --- Gateway Monitor Reset<br>
2021-06-23 22:47:00 --- Gateway Monitor Reset<br>
2021-06-23 22:46:56 --- Gateway Monitor Reset<br>
2021-06-23 22:46:52 --- Gateway Monitor Reset<br>
2021-06-23 22:46:47 --- Gateway Monitor Reset<br>
2021-06-23 22:46:43 --- Gateway Monitor Reset<br>
2021-06-23 22:46:39 --- Gateway Monitor Reset<br>
2021-06-23 22:46:35 --- Gateway Monitor Reset<br>
2021-06-23 22:46:31 --- Gateway Monitor Reset<br>
2021-06-23 22:46:27 --- Gateway Monitor Reset<br>
2021-06-23 22:46:22 --- Gateway Monitor Reset<br>
2021-06-23 22:46:18 --- Gateway Monitor Reset<br>
2021-06-23 22:46:14 --- Gateway Monitor Reset<br>
2021-06-23 22:46:10 --- Gateway Monitor Reset<br>
2021-06-23 22:46:06 --- Gateway Monitor Reset<br>
2021-06-23 22:46:01 --- Gateway Monitor Reset<br>
2021-06-23 22:45:57 --- Gateway Monitor Reset<br>
2021-06-23 22:45:53 --- Gateway Monitor Reset<br>
2021-06-23 22:45:49 --- Gateway Monitor Reset<br>
2021-06-23 22:45:45 --- Gateway Monitor Reset<br>
2021-06-23 22:45:41 --- Gateway Monitor Reset<br>
2021-06-23 22:45:36 --- Gateway Monitor Reset<br>
2021-06-23 22:45:32 --- Gateway Monitor Reset<br>
2021-06-23 22:45:28 --- Gateway Monitor Reset<br>
2021-06-23 22:45:24 --- Gateway Monitor Reset<br>
2021-06-23 22:45:20 --- Gateway Monitor Reset<br>
2021-06-23 22:45:15 --- Gateway Monitor Reset<br>
2021-06-23 22:45:11 --- Gateway Monitor Reset<br>
2021-06-23 22:45:07 --- Gateway Monitor Reset<br>
2021-06-23 22:45:03 --- Gateway Monitor Reset<br>
2021-06-23 22:44:59 --- Gateway Monitor Reset<br>
2021-06-23 22:44:54 --- Gateway Monitor Reset<br>
2021-06-23 22:44:50 --- Gateway Monitor Reset<br>
2021-06-23 22:44:46 --- Gateway Monitor Reset<br>
2021-06-23 22:44:42 --- Gateway Monitor Reset<br>
2021-06-23 22:44:38 --- Gateway Monitor Reset<br>
2021-06-23 22:44:34 --- Gateway Monitor Reset<br>
2021-06-23 22:44:29 --- Gateway Monitor Reset<br>
2021-06-23 22:44:25 --- Gateway Monitor Reset<br>
2021-06-23 22:44:21 --- Gateway Monitor Reset<br>
2021-06-23 22:44:17 --- Gateway Monitor Reset<br>
2021-06-23 22:44:13 --- Gateway Monitor Reset<br>
2021-06-23 22:44:08 --- Gateway Monitor Reset<br>
2021-06-23 22:44:04 --- Gateway Monitor Reset<br>
2021-06-23 22:44:00 --- Gateway Monitor Reset<br>
2021-06-23 22:43:56 --- Gateway Monitor Reset<br>
2021-06-23 22:43:52 --- Gateway Monitor Reset<br>
2021-06-23 22:43:48 --- Gateway Monitor Reset<br>
2021-06-23 22:43:43 --- Gateway Monitor Reset<br>
2021-06-23 22:43:39 --- Gateway Monitor Reset<br>
2021-06-23 22:43:35 --- Gateway Monitor Reset<br>
2021-06-23 22:43:31 --- Gateway Monitor Reset<br>
2021-06-23 22:43:27 --- Gateway Monitor Reset<br>
2021-06-23 22:43:22 --- Gateway Monitor Reset<br>
2021-06-23 22:43:18 --- Gateway Monitor Reset<br>
2021-06-23 22:43:14 --- Gateway Monitor Reset<br>
2021-06-23 22:43:10 --- Gateway Monitor Reset<br>
2021-06-23 22:43:06 --- Gateway Monitor Reset<br>
2021-06-23 22:43:02 --- Gateway Monitor Reset<br>
2021-06-23 22:42:57 --- Gateway Monitor Reset<br>
2021-06-23 22:42:53 --- Gateway Monitor Reset<br>
2021-06-23 22:42:49 --- Gateway Monitor Reset<br>
2021-06-23 22:42:45 --- Gateway Monitor Reset<br>
2021-06-23 22:42:41 --- Gateway Monitor Reset<br>
2021-06-23 22:42:36 --- Gateway Monitor Reset<br>
2021-06-23 22:42:32 --- Gateway Monitor Reset<br>
2021-06-23 22:42:28 --- Gateway Monitor Reset<br>
2021-06-23 22:42:24 --- Gateway Monitor Reset<br>
2021-06-23 22:42:20 --- Gateway Monitor Reset<br>
2021-06-23 22:42:16 --- Gateway Monitor Reset<br>
2021-06-23 22:42:11 --- Gateway Monitor Reset<br>
2021-06-23 22:42:07 --- Gateway Monitor Reset<br>
2021-06-23 22:42:03 --- Gateway Monitor Reset<br>
2021-06-23 22:41:59 --- Gateway Monitor Reset<br>
2021-06-23 22:41:55 --- Gateway Monitor Reset<br>
2021-06-23 22:41:50 --- Gateway Monitor Reset<br>
2021-06-23 22:41:46 --- Gateway Monitor Reset<br>
2021-06-23 22:41:42 --- Gateway Monitor Reset<br>
2021-06-23 22:41:38 --- Gateway Monitor Reset<br>
2021-06-23 22:41:34 --- Gateway Monitor Reset<br>
2021-06-23 22:41:29 --- Gateway Monitor Reset<br>
2021-06-23 22:41:25 --- Gateway Monitor Reset<br>
2021-06-23 22:41:21 --- Gateway Monitor Reset<br>
2021-06-23 22:41:17 --- Gateway Monitor Reset<br>
2021-06-23 22:41:13 --- Gateway Monitor Reset<br>
2021-06-23 22:41:09 --- Gateway Monitor Reset<br>
2021-06-23 22:41:04 --- Gateway Monitor Reset<br>
2021-06-23 22:41:00 --- Gateway Monitor Reset<br>
2021-06-23 22:40:56 --- Gateway Monitor Reset<br>
2021-06-23 22:40:52 --- Gateway Monitor Reset<br>
2021-06-23 22:40:48 --- Gateway Monitor Reset<br>
2021-06-23 22:40:43 --- Gateway Monitor Reset<br>
2021-06-23 22:40:38 --- Gateway Monitor Reset<br>
2021-06-23 22:40:34 --- Gateway Monitor Reset<br>
2021-06-23 22:40:30 --- Gateway Monitor Reset<br>
2021-06-23 22:40:26 --- Gateway Monitor Reset<br>
2021-06-23 22:40:21 --- Gateway Monitor Reset<br>
2021-06-23 22:40:17 --- Gateway Monitor Reset<br>
2021-06-23 22:40:13 --- Gateway Monitor Reset<br>
2021-06-23 22:40:09 --- Gateway Monitor Reset<br>
2021-06-23 22:40:05 --- Gateway Monitor Reset<br>
2021-06-23 22:40:01 --- Gateway Monitor Reset<br>
2021-06-23 22:39:56 --- Gateway Monitor Reset<br>
2021-06-23 22:39:52 --- Gateway Monitor Reset<br>
2021-06-23 22:39:48 --- Gateway Monitor Reset<br>
2021-06-23 22:39:44 --- Gateway Monitor Reset<br>
2021-06-23 22:39:40 --- Gateway Monitor Reset<br>
2021-06-23 22:39:35 --- Gateway Monitor Reset<br>
2021-06-23 22:39:31 --- Gateway Monitor Reset<br>
2021-06-23 22:39:27 --- Gateway Monitor Reset<br>
2021-06-23 22:39:23 --- Gateway Monitor Reset<br>
2021-06-23 22:39:19 --- Gateway Monitor Reset<br>
2021-06-23 22:39:15 --- Gateway Monitor Reset<br>
2021-06-23 22:39:10 --- Gateway Monitor Reset<br>
2021-06-23 22:39:06 --- Gateway Monitor Reset<br>
2021-06-23 22:39:02 --- Gateway Monitor Reset<br>
2021-06-23 22:38:58 --- Gateway Monitor Reset<br>
2021-06-23 22:38:54 --- Gateway Monitor Reset<br>
2021-06-23 22:38:49 --- Gateway Monitor Reset<br>
2021-06-23 22:38:45 --- Gateway Monitor Reset<br>
2021-06-23 22:38:41 --- Gateway Monitor Reset<br>
2021-06-23 22:38:37 --- Gateway Monitor Reset<br>
2021-06-23 22:38:33 --- Gateway Monitor Reset<br>
2021-06-23 22:38:28 --- Gateway Monitor Reset<br>
2021-06-23 22:38:24 --- Gateway Monitor Reset<br>
2021-06-23 22:38:20 --- Gateway Monitor Reset<br>
2021-06-23 22:38:16 --- Gateway Monitor Reset<br>
2021-06-23 22:38:12 --- Gateway Monitor Reset<br>
2021-06-23 22:38:07 --- Gateway Monitor Reset<br>
2021-06-23 22:38:03 --- Gateway Monitor Reset<br>
2021-06-23 22:37:59 --- Gateway Monitor Reset<br>
2021-06-23 22:37:55 --- Gateway Monitor Reset<br>
2021-06-23 22:37:51 --- Gateway Monitor Reset<br>
2021-06-23 22:37:46 --- Gateway Monitor Reset<br>
2021-06-23 22:37:42 --- Gateway Monitor Reset<br>
2021-06-23 22:37:38 --- Gateway Monitor Reset<br>
2021-06-23 22:37:34 --- Gateway Monitor Reset<br>
2021-06-23 22:37:30 --- Gateway Monitor Reset<br>
2021-06-23 22:37:25 --- Gateway Monitor Reset<br>
2021-06-23 22:37:21 --- Gateway Monitor Reset<br>
2021-06-23 22:37:17 --- Gateway Monitor Reset<br>
2021-06-23 22:37:13 --- Gateway Monitor Reset<br>
2021-06-23 22:37:09 --- Gateway Monitor Reset<br>
2021-06-23 22:37:04 --- Gateway Monitor Reset<br>
2021-06-23 22:37:00 --- Gateway Monitor Reset<br>
2021-06-23 22:36:56 --- Gateway Monitor Reset<br>
2021-06-23 22:36:52 --- Gateway Monitor Reset<br>
2021-06-23 22:36:48 --- Gateway Monitor Reset<br>
2021-06-23 22:36:43 --- Gateway Monitor Reset<br>
2021-06-23 22:36:39 --- Gateway Monitor Reset<br>
2021-06-23 22:36:35 --- Gateway Monitor Reset<br>
2021-06-23 22:36:31 --- Gateway Monitor Reset<br>
2021-06-23 22:36:27 --- Gateway Monitor Reset<br>
2021-06-23 22:36:22 --- Gateway Monitor Reset<br>
2021-06-23 22:36:18 --- Gateway Monitor Reset<br>
2021-06-23 22:36:14 --- Gateway Monitor Reset<br>
2021-06-23 22:36:10 --- Gateway Monitor Reset<br>
2021-06-23 22:36:06 --- Gateway Monitor Reset<br>
2021-06-23 22:36:02 --- Gateway Monitor Reset<br>
2021-06-23 22:35:57 --- Gateway Monitor Reset<br>
2021-06-23 22:35:53 --- Gateway Monitor Reset<br>
2021-06-23 22:35:49 --- Gateway Monitor Reset<br>
2021-06-23 22:35:45 --- Gateway Monitor Reset<br>
2021-06-23 22:35:41 --- Gateway Monitor Reset<br>
2021-06-23 22:35:36 --- Gateway Monitor Reset<br>
2021-06-23 22:35:32 --- Gateway Monitor Reset<br>
2021-06-23 22:35:28 --- Gateway Monitor Reset<br>
2021-06-23 22:35:24 --- Gateway Monitor Reset<br>
2021-06-23 22:35:20 --- Gateway Monitor Reset<br>
2021-06-23 22:35:15 --- Gateway Monitor Reset<br>
2021-06-23 22:35:11 --- Gateway Monitor Reset<br>
2021-06-23 22:35:07 --- Gateway Monitor Reset<br>
2021-06-23 22:35:03 --- Gateway Monitor Reset<br>
2021-06-23 22:34:59 --- Gateway Monitor Reset<br>
2021-06-23 22:34:54 --- Gateway Monitor Reset<br>
2021-06-23 22:34:50 --- Gateway Monitor Reset<br>
2021-06-23 22:34:46 --- Gateway Monitor Reset<br>
2021-06-23 22:34:42 --- Gateway Monitor Reset<br>
2021-06-23 22:34:38 --- Gateway Monitor Reset<br>
2021-06-23 22:34:34 --- Gateway Monitor Reset<br>
2021-06-23 22:34:29 --- Gateway Monitor Reset<br>
2021-06-23 22:34:25 --- Gateway Monitor Reset<br>
2021-06-23 22:34:21 --- Gateway Monitor Reset<br>
2021-06-23 22:34:17 --- Gateway Monitor Reset<br>
2021-06-23 22:34:12 --- Gateway Monitor Reset<br>
2021-06-23 22:34:08 --- Gateway Monitor Reset<br>
2021-06-23 22:34:04 --- Gateway Monitor Reset<br>
2021-06-23 22:34:00 --- Gateway Monitor Reset<br>
2021-06-23 22:33:56 --- Gateway Monitor Reset<br>
2021-06-23 22:33:51 --- Gateway Monitor Reset<br>
2021-06-23 22:33:47 --- Gateway Monitor Reset<br>
2021-06-23 22:33:43 --- Gateway Monitor Reset<br>
2021-06-23 22:33:39 --- Gateway Monitor Reset<br>
2021-06-23 22:33:35 --- Gateway Monitor Reset<br>
2021-06-23 22:33:31 --- Gateway Monitor Reset<br>
2021-06-23 22:33:26 --- Gateway Monitor Reset<br>
2021-06-23 22:33:22 --- Gateway Monitor Reset<br>
2021-06-23 22:33:18 --- Gateway Monitor Reset<br>
2021-06-23 22:33:14 --- Gateway Monitor Reset<br>
2021-06-23 22:33:10 --- Gateway Monitor Reset<br>
2021-06-23 22:33:05 --- Gateway Monitor Reset<br>
2021-06-23 22:33:01 --- Gateway Monitor Reset<br>
2021-06-23 22:32:57 --- Gateway Monitor Reset<br>
2021-06-23 22:32:53 --- Gateway Monitor Reset<br>
2021-06-23 22:32:49 --- Gateway Monitor Reset<br>
2021-06-23 22:32:44 --- Gateway Monitor Reset<br>
2021-06-23 22:32:40 --- Gateway Monitor Reset<br>
2021-06-23 22:32:36 --- Gateway Monitor Reset<br>
2021-06-23 22:32:32 --- Gateway Monitor Reset<br>
2021-06-23 22:32:28 --- Gateway Monitor Reset<br>
2021-06-23 22:32:24 --- Gateway Monitor Reset<br>
2021-06-23 22:32:19 --- Gateway Monitor Reset<br>
2021-06-23 22:32:15 --- Gateway Monitor Reset<br>
2021-06-23 22:32:11 --- Gateway Monitor Reset<br>
2021-06-23 22:32:07 --- Gateway Monitor Reset<br>
2021-06-23 22:32:03 --- Gateway Monitor Reset<br>
2021-06-23 22:31:58 --- Gateway Monitor Reset<br>
2021-06-23 22:31:54 --- Gateway Monitor Reset<br>
2021-06-23 22:31:50 --- Gateway Monitor Reset<br>
2021-06-23 22:31:46 --- Gateway Monitor Reset<br>
2021-06-23 22:31:42 --- Gateway Monitor Reset<br>
2021-06-23 22:31:37 --- Gateway Monitor Reset<br>
2021-06-23 22:31:33 --- Gateway Monitor Reset<br>
2021-06-23 22:31:29 --- Gateway Monitor Reset<br>
2021-06-23 22:31:25 --- Gateway Monitor Reset<br>
2021-06-23 22:31:21 --- Gateway Monitor Reset<br>
2021-06-23 22:31:17 --- Gateway Monitor Reset<br>
2021-06-23 22:31:12 --- Gateway Monitor Reset<br>
2021-06-23 22:31:08 --- Gateway Monitor Reset<br>
2021-06-23 22:31:04 --- Gateway Monitor Reset<br>
2021-06-23 22:31:00 --- Gateway Monitor Reset<br>
2021-06-23 22:30:56 --- Gateway Monitor Reset<br>
2021-06-23 22:30:51 --- Gateway Monitor Reset<br>
2021-06-23 22:30:47 --- Gateway Monitor Reset<br>
2021-06-23 22:30:43 --- Gateway Monitor Reset<br>
2021-06-23 22:30:39 --- Gateway Monitor Reset<br>
2021-06-23 22:30:35 --- Gateway Monitor Reset<br>
2021-06-23 22:30:31 --- Gateway Monitor Reset<br>
2021-06-23 22:30:26 --- Gateway Monitor Reset<br>
2021-06-23 22:30:22 --- Gateway Monitor Reset<br>
2021-06-23 22:30:18 --- Gateway Monitor Reset<br>
2021-06-23 22:30:14 --- Gateway Monitor Reset<br>
2021-06-23 22:30:10 --- Gateway Monitor Reset<br>
2021-06-23 22:30:05 --- Gateway Monitor Reset<br>
2021-06-23 22:30:01 --- Gateway Monitor Reset<br>
2021-06-23 22:29:57 --- Gateway Monitor Reset<br>
2021-06-23 22:29:53 --- Gateway Monitor Reset<br>
2021-06-23 22:29:49 --- Gateway Monitor Reset<br>
2021-06-23 22:29:44 --- Gateway Monitor Reset<br>
2021-06-23 22:29:40 --- Gateway Monitor Reset<br>
2021-06-23 22:29:36 --- Gateway Monitor Reset<br>
2021-06-23 22:29:32 --- Gateway Monitor Reset<br>
2021-06-23 22:29:28 --- Gateway Monitor Reset<br>
2021-06-23 22:29:24 --- Gateway Monitor Reset<br>
2021-06-23 22:29:19 --- Gateway Monitor Reset<br>
2021-06-23 22:29:15 --- Gateway Monitor Reset<br>
2021-06-23 22:29:11 --- Gateway Monitor Reset<br>
2021-06-23 22:29:07 --- Gateway Monitor Reset<br>
2021-06-23 22:29:03 --- Gateway Monitor Reset<br>
2021-06-23 22:28:58 --- Gateway Monitor Reset<br>
2021-06-23 22:28:54 --- Gateway Monitor Reset<br>
2021-06-23 22:28:50 --- Gateway Monitor Reset<br>
2021-06-23 22:28:46 --- Gateway Monitor Reset<br>
2021-06-23 22:28:42 --- Gateway Monitor Reset<br>
2021-06-23 22:28:38 --- Gateway Monitor Reset<br>
2021-06-23 22:28:33 --- Gateway Monitor Reset<br>
2021-06-23 22:28:29 --- Gateway Monitor Reset<br>
2021-06-23 22:28:25 --- Gateway Monitor Reset<br>
2021-06-23 22:28:21 --- Gateway Monitor Reset<br>
2021-06-23 22:28:17 --- Gateway Monitor Reset<br>
2021-06-23 22:28:12 --- Gateway Monitor Reset<br>
2021-06-23 22:28:08 --- Gateway Monitor Reset<br>
2021-06-23 22:28:04 --- Gateway Monitor Reset<br>
2021-06-23 22:28:00 --- Gateway Monitor Reset<br>
2021-06-23 22:27:56 --- Gateway Monitor Reset<br>
2021-06-23 22:27:52 --- Gateway Monitor Reset<br>
2021-06-23 22:27:47 --- Gateway Monitor Reset<br>
2021-06-23 22:27:43 --- Gateway Monitor Reset<br>
2021-06-23 22:27:39 --- Gateway Monitor Reset<br>
2021-06-23 22:27:35 --- Gateway Monitor Reset<br>
2021-06-23 22:27:31 --- Gateway Monitor Reset<br>
2021-06-23 22:27:26 --- Gateway Monitor Reset<br>
2021-06-23 22:27:22 --- Gateway Monitor Reset<br>
2021-06-23 22:27:18 --- Gateway Monitor Reset<br>
2021-06-23 22:27:14 --- Gateway Monitor Reset<br>
2021-06-23 22:27:10 --- Gateway Monitor Reset<br>
2021-06-23 22:27:06 --- Gateway Monitor Reset<br>
2021-06-23 22:27:01 --- Gateway Monitor Reset<br>
2021-06-23 22:26:57 --- Gateway Monitor Reset<br>
2021-06-23 22:26:53 --- Gateway Monitor Reset<br>
2021-06-23 22:26:49 --- Gateway Monitor Reset<br>
2021-06-23 22:26:45 --- Gateway Monitor Reset<br>
2021-06-23 22:26:40 --- Gateway Monitor Reset<br>
2021-06-23 22:26:36 --- Gateway Monitor Reset<br>
2021-06-23 22:26:32 --- Gateway Monitor Reset<br>
2021-06-23 22:26:28 --- Gateway Monitor Reset<br>
2021-06-23 22:26:24 --- Gateway Monitor Reset<br>
2021-06-23 22:26:19 --- Gateway Monitor Reset<br>
2021-06-23 22:26:15 --- Gateway Monitor Reset<br>
2021-06-23 22:26:11 --- Gateway Monitor Reset<br>
2021-06-23 22:26:07 --- Gateway Monitor Reset<br>
2021-06-23 22:26:03 --- Gateway Monitor Reset<br>
2021-06-23 22:25:59 --- Gateway Monitor Reset<br>
2021-06-23 22:25:54 --- Gateway Monitor Reset<br>
2021-06-23 22:25:50 --- Gateway Monitor Reset<br>
2021-06-23 22:25:46 --- Gateway Monitor Reset<br>
2021-06-23 22:25:42 --- Gateway Monitor Reset<br>
2021-06-23 22:25:38 --- Gateway Monitor Reset<br>
2021-06-23 22:25:33 --- Gateway Monitor Reset<br>
2021-06-23 22:25:29 --- Gateway Monitor Reset<br>
2021-06-23 22:25:25 --- Gateway Monitor Reset<br>
2021-06-23 22:25:21 --- Gateway Monitor Reset<br>
2021-06-23 22:25:17 --- Gateway Monitor Reset<br>
2021-06-23 22:25:12 --- Gateway Monitor Reset<br>
2021-06-23 22:25:08 --- Gateway Monitor Reset<br>
2021-06-23 22:25:04 --- Gateway Monitor Reset<br>
2021-06-23 22:25:00 --- Gateway Monitor Reset<br>
2021-06-23 22:24:56 --- Gateway Monitor Reset<br>
2021-06-23 22:24:51 --- Gateway Monitor Reset<br>
2021-06-23 22:24:47 --- Gateway Monitor Reset<br>
2021-06-23 22:24:43 --- Gateway Monitor Reset<br>
2021-06-23 22:24:39 --- Gateway Monitor Reset<br>
2021-06-23 22:24:35 --- Gateway Monitor Reset<br>
2021-06-23 22:24:30 --- Gateway Monitor Reset<br>
2021-06-23 22:24:26 --- Gateway Monitor Reset<br>
2021-06-23 22:24:22 --- Gateway Monitor Reset<br>
2021-06-23 22:24:18 --- Gateway Monitor Reset<br>
2021-06-23 22:24:14 --- Gateway Monitor Reset<br>
2021-06-23 22:24:10 --- Gateway Monitor Reset<br>
2021-06-23 22:24:05 --- Gateway Monitor Reset<br>
2021-06-23 22:24:01 --- Gateway Monitor Reset<br>
2021-06-23 22:23:57 --- Gateway Monitor Reset<br>
2021-06-23 22:23:53 --- Gateway Monitor Reset<br>
2021-06-23 22:23:49 --- Gateway Monitor Reset<br>
2021-06-23 22:23:44 --- Gateway Monitor Reset<br>
2021-06-23 22:23:40 --- Gateway Monitor Reset<br>
2021-06-23 22:23:36 --- Gateway Monitor Reset<br>
2021-06-23 22:23:32 --- Gateway Monitor Reset<br>
2021-06-23 22:23:28 --- Gateway Monitor Reset<br>
2021-06-23 22:23:23 --- Gateway Monitor Reset<br>
2021-06-23 22:23:19 --- Gateway Monitor Reset<br>
2021-06-23 22:23:15 --- Gateway Monitor Reset<br>
2021-06-23 22:23:11 --- Gateway Monitor Reset<br>
2021-06-23 22:23:07 --- Gateway Monitor Reset<br>
2021-06-23 22:23:02 --- Gateway Monitor Reset<br>
2021-06-23 22:22:58 --- Gateway Monitor Reset<br>
2021-06-23 22:22:54 --- Gateway Monitor Reset<br>
2021-06-23 22:22:50 --- Gateway Monitor Reset<br>
2021-06-23 22:22:46 --- Gateway Monitor Reset<br>
2021-06-23 22:22:42 --- Gateway Monitor Reset<br>
2021-06-23 22:22:37 --- Gateway Monitor Reset<br>
2021-06-23 22:22:33 --- Gateway Monitor Reset<br>
2021-06-23 22:22:29 --- Gateway Monitor Reset<br>
2021-06-23 22:22:25 --- Gateway Monitor Reset<br>
2021-06-23 22:22:21 --- Gateway Monitor Reset<br>
2021-06-23 22:22:16 --- Gateway Monitor Reset<br>
2021-06-23 22:22:12 --- Gateway Monitor Reset<br>
2021-06-23 22:22:08 --- Gateway Monitor Reset<br>
2021-06-23 22:22:04 --- Gateway Monitor Reset<br>
2021-06-23 22:22:00 --- Gateway Monitor Reset<br>
2021-06-23 22:21:55 --- Gateway Monitor Reset<br>
2021-06-23 22:21:51 --- Gateway Monitor Reset<br>
2021-06-23 22:21:47 --- Gateway Monitor Reset<br>
2021-06-23 22:21:43 --- Gateway Monitor Reset<br>
2021-06-23 22:21:39 --- Gateway Monitor Reset<br>
2021-06-23 22:21:35 --- Gateway Monitor Reset<br>
2021-06-23 22:21:30 --- Gateway Monitor Reset<br>
2021-06-23 22:21:26 --- Gateway Monitor Reset<br>
2021-06-23 22:21:22 --- Gateway Monitor Reset<br>
2021-06-23 22:21:18 --- Gateway Monitor Reset<br>
2021-06-23 22:21:14 --- Gateway Monitor Reset<br>
2021-06-23 22:21:09 --- Gateway Monitor Reset<br>
2021-06-23 22:21:05 --- Gateway Monitor Reset<br>
2021-06-23 22:21:01 --- Gateway Monitor Reset<br>
2021-06-23 22:20:57 --- Gateway Monitor Reset<br>
2021-06-23 22:20:53 --- Gateway Monitor Reset<br>
2021-06-23 22:20:48 --- Gateway Monitor Reset<br>
2021-06-23 22:20:44 --- Gateway Monitor Reset<br>
2021-06-23 22:20:40 --- Gateway Monitor Reset<br>
2021-06-23 22:20:36 --- Gateway Monitor Reset<br>
2021-06-23 22:20:32 --- Gateway Monitor Reset<br>
2021-06-23 22:20:27 --- Gateway Monitor Reset<br>
2021-06-23 22:20:23 --- Gateway Monitor Reset<br>
2021-06-23 22:20:19 --- Gateway Monitor Reset<br>
2021-06-23 22:20:15 --- Gateway Monitor Reset<br>
2021-06-23 22:20:11 --- Gateway Monitor Reset<br>
2021-06-23 22:20:06 --- Gateway Monitor Reset<br>
2021-06-23 22:20:02 --- Gateway Monitor Reset<br>
2021-06-23 22:19:58 --- Gateway Monitor Reset<br>
2021-06-23 22:19:54 --- Gateway Monitor Reset<br>
2021-06-23 22:19:50 --- Gateway Monitor Reset<br>
2021-06-23 22:19:45 --- Gateway Monitor Reset<br>
2021-06-23 22:19:41 --- Gateway Monitor Reset<br>
2021-06-23 22:19:37 --- Gateway Monitor Reset<br>
2021-06-23 22:19:33 --- Gateway Monitor Reset<br>
2021-06-23 22:19:29 --- Gateway Monitor Reset<br>
2021-06-23 22:19:24 --- Gateway Monitor Reset<br>
2021-06-23 22:19:20 --- Gateway Monitor Reset<br>
2021-06-23 22:19:16 --- Gateway Monitor Reset<br>
2021-06-23 22:19:12 --- Gateway Monitor Reset<br>
2021-06-23 22:19:08 --- Gateway Monitor Reset<br>
2021-06-23 22:19:04 --- Gateway Monitor Reset<br>
2021-06-23 22:18:59 --- Gateway Monitor Reset<br>
2021-06-23 22:18:55 --- Gateway Monitor Reset<br>
2021-06-23 22:18:51 --- Gateway Monitor Reset<br>
2021-06-23 22:18:47 --- Gateway Monitor Reset<br>
2021-06-23 22:18:43 --- Gateway Monitor Reset<br>
2021-06-23 22:18:38 --- Gateway Monitor Reset<br>
2021-06-23 22:18:34 --- Gateway Monitor Reset<br>
2021-06-23 22:18:30 --- Gateway Monitor Reset<br>
2021-06-23 22:18:26 --- Gateway Monitor Reset<br>
2021-06-23 22:18:22 --- Gateway Monitor Reset<br>
2021-06-23 22:18:17 --- Gateway Monitor Reset<br>
2021-06-23 22:18:13 --- Gateway Monitor Reset<br>
2021-06-23 22:18:09 --- Gateway Monitor Reset<br>
2021-06-23 22:18:05 --- Gateway Monitor Reset<br>
2021-06-23 22:18:01 --- Gateway Monitor Reset<br>
2021-06-23 22:17:56 --- Gateway Monitor Reset<br>
2021-06-23 22:17:52 --- Gateway Monitor Reset<br>
2021-06-23 22:17:48 --- Gateway Monitor Reset<br>
2021-06-23 22:17:44 --- Gateway Monitor Reset<br>
2021-06-23 22:17:40 --- Gateway Monitor Reset<br>
2021-06-23 22:17:36 --- Gateway Monitor Reset<br>
2021-06-23 22:17:31 --- Gateway Monitor Reset<br>
2021-06-23 22:17:27 --- Gateway Monitor Reset<br>
2021-06-23 22:17:23 --- Gateway Monitor Reset<br>
2021-06-23 22:17:19 --- Gateway Monitor Reset<br>
2021-06-23 22:17:15 --- Gateway Monitor Reset<br>
2021-06-23 22:17:10 --- Gateway Monitor Reset<br>
2021-06-23 22:17:06 --- Gateway Monitor Reset<br>
2021-06-23 22:17:02 --- Gateway Monitor Reset<br>
2021-06-23 22:16:58 --- Gateway Monitor Reset<br>
2021-06-23 22:16:54 --- Gateway Monitor Reset<br>
2021-06-23 22:16:49 --- Gateway Monitor Reset<br>
2021-06-23 22:16:45 --- Gateway Monitor Reset<br>
2021-06-23 22:16:41 --- Gateway Monitor Reset<br>
2021-06-23 22:16:37 --- Gateway Monitor Reset<br>
2021-06-23 22:16:33 --- Gateway Monitor Reset<br>
2021-06-23 22:16:29 --- Gateway Monitor Reset<br>
2021-06-23 22:16:24 --- Gateway Monitor Reset<br>
2021-06-23 22:16:20 --- Gateway Monitor Reset<br>
2021-06-23 22:16:16 --- Gateway Monitor Reset<br>
2021-06-23 22:16:12 --- Gateway Monitor Reset<br>
2021-06-23 22:16:08 --- Gateway Monitor Reset<br>
2021-06-23 22:16:03 --- Gateway Monitor Reset<br>
2021-06-23 22:15:59 --- Gateway Monitor Reset<br>
2021-06-23 22:15:55 --- Gateway Monitor Reset<br>
2021-06-23 22:15:51 --- Gateway Monitor Reset<br>
2021-06-23 22:15:47 --- Gateway Monitor Reset<br>
2021-06-23 22:15:43 --- Gateway Monitor Reset<br>
2021-06-23 22:15:38 --- Gateway Monitor Reset<br>
2021-06-23 22:15:34 --- Gateway Monitor Reset<br>
2021-06-23 22:15:30 --- Gateway Monitor Reset<br>
2021-06-23 22:15:26 --- Gateway Monitor Reset<br>
2021-06-23 22:15:22 --- Gateway Monitor Reset<br>
2021-06-23 22:15:17 --- Gateway Monitor Reset<br>
2021-06-23 22:15:13 --- Gateway Monitor Reset<br>
2021-06-23 22:15:09 --- Gateway Monitor Reset<br>
2021-06-23 22:15:05 --- Gateway Monitor Reset<br>
2021-06-23 22:15:01 --- Gateway Monitor Reset<br>
2021-06-23 22:14:56 --- Gateway Monitor Reset<br>
2021-06-23 22:14:52 --- Gateway Monitor Reset<br>
2021-06-23 22:14:48 --- Gateway Monitor Reset<br>
2021-06-23 22:14:44 --- Gateway Monitor Reset<br>
2021-06-23 22:14:40 --- Gateway Monitor Reset<br>
2021-06-23 22:14:35 --- Gateway Monitor Reset<br>
2021-06-23 22:14:31 --- Gateway Monitor Reset<br>
2021-06-23 22:14:27 --- Gateway Monitor Reset<br>
2021-06-23 22:14:23 --- Gateway Monitor Reset<br>
2021-06-23 22:14:19 --- Gateway Monitor Reset<br>
2021-06-23 22:14:14 --- Gateway Monitor Reset<br>
2021-06-23 22:14:10 --- Gateway Monitor Reset<br>
2021-06-23 22:14:06 --- Gateway Monitor Reset<br>
2021-06-23 22:14:02 --- Gateway Monitor Reset<br>
2021-06-23 22:13:57 --- Gateway Monitor Reset<br>
2021-06-23 22:13:52 --- Gateway Monitor Reset<br>
2021-06-23 22:13:48 --- Gateway Monitor Reset<br>
2021-06-23 22:13:44 --- Gateway Monitor Reset<br>
2021-06-23 22:13:40 --- Gateway Monitor Reset<br>
2021-06-23 22:13:36 --- Gateway Monitor Reset<br>
2021-06-23 22:13:31 --- Gateway Monitor Reset<br>
2021-06-23 22:13:27 --- Gateway Monitor Reset<br>
2021-06-23 22:13:23 --- Gateway Monitor Reset<br>
2021-06-23 22:13:18 --- Gateway Monitor Reset<br>
2021-06-23 22:13:14 --- Gateway Monitor Reset<br>
2021-06-23 22:13:09 --- Gateway Monitor Reset<br>
2021-06-23 22:13:05 --- Gateway Monitor Reset<br>
2021-06-23 22:13:01 --- Gateway Monitor Reset<br>
2021-06-23 22:12:57 --- Gateway Monitor Reset<br>
2021-06-23 22:12:53 --- Gateway Monitor Reset<br>
2021-06-23 22:12:49 --- Gateway Monitor Reset<br>
2021-06-23 22:12:44 --- Gateway Monitor Reset<br>
2021-06-23 22:12:40 --- Gateway Monitor Reset<br>
2021-06-23 22:12:36 --- Gateway Monitor Reset<br>
2021-06-23 22:12:32 --- Gateway Monitor Reset<br>
2021-06-23 22:12:28 --- Gateway Monitor Reset<br>
2021-06-23 22:12:23 --- Gateway Monitor Reset<br>
2021-06-23 22:12:19 --- Gateway Monitor Reset<br>
2021-06-23 22:12:15 --- Gateway Monitor Reset<br>
2021-06-23 22:12:11 --- Gateway Monitor Reset<br>
2021-06-23 22:12:07 --- Gateway Monitor Reset<br>
2021-06-23 22:12:02 --- Gateway Monitor Reset<br>
2021-06-23 22:11:58 --- Gateway Monitor Reset<br>
2021-06-23 22:11:54 --- Gateway Monitor Reset<br>
2021-06-23 22:11:50 --- Gateway Monitor Reset<br>
2021-06-23 22:11:46 --- Gateway Monitor Reset<br>
2021-06-23 22:11:42 --- Gateway Monitor Reset<br>
2021-06-23 22:11:37 --- Gateway Monitor Reset<br>
2021-06-23 22:11:33 --- Gateway Monitor Reset<br>
2021-06-23 22:11:29 --- Gateway Monitor Reset<br>
2021-06-23 22:11:25 --- Gateway Monitor Reset<br>
2021-06-23 22:11:21 --- Gateway Monitor Reset<br>
2021-06-23 22:11:16 --- Gateway Monitor Reset<br>
2021-06-23 22:11:12 --- Gateway Monitor Reset<br>
2021-06-23 22:11:08 --- Gateway Monitor Reset<br>
2021-06-23 22:11:04 --- Gateway Monitor Reset<br>
2021-06-23 22:11:00 --- Gateway Monitor Reset<br>
2021-06-23 22:10:55 --- Gateway Monitor Reset<br>
2021-06-23 22:10:51 --- Gateway Monitor Reset<br>
2021-06-23 22:10:47 --- Gateway Monitor Reset<br>
2021-06-23 22:10:43 --- Gateway Monitor Reset<br>
2021-06-23 22:10:39 --- Gateway Monitor Reset<br>
2021-06-23 22:10:34 --- Gateway Monitor Reset<br>
2021-06-23 22:10:30 --- Gateway Monitor Reset<br>
2021-06-23 22:10:26 --- Gateway Monitor Reset<br>
2021-06-23 22:10:22 --- Gateway Monitor Reset<br>
2021-06-23 22:10:18 --- Gateway Monitor Reset<br>
2021-06-23 22:10:13 --- Gateway Monitor Reset<br>
2021-06-23 22:10:09 --- Gateway Monitor Reset<br>
2021-06-23 22:10:05 --- Gateway Monitor Reset<br>
2021-06-23 22:10:01 --- Gateway Monitor Reset<br>
2021-06-23 22:09:57 --- Gateway Monitor Reset<br>
2021-06-23 22:09:53 --- Gateway Monitor Reset<br>
2021-06-23 22:09:48 --- Gateway Monitor Reset<br>
2021-06-23 22:09:44 --- Gateway Monitor Reset<br>
2021-06-23 22:07:15 --- WANTERTIARY_DHCP 20Mb went down<br>
2021-06-23 20:42:45 --- Gateway Monitor Reset<br>
2021-06-23 20:41:20 --- Netherlands VPN went down<br>
2021-06-23 19:09:31 --- Gateway Monitor Reset<br>
2021-06-23 19:03:25 --- Netherlands VPN went down<br>
2021-06-23 17:20:14 --- Gateway Monitor Reset<br>
2021-06-23 17:00:26 --- Netherlands VPN went down<br>
2021-06-23 16:57:52 --- Gateway Monitor Reset<br>
2021-06-23 16:55:40 --- Netherlands VPN went down<br>
2021-06-23 16:01:48 --- Gateway Monitor Reset<br>
2021-06-23 15:54:05 --- WANTERTIARY_DHCP 20Mb went down<br>
2021-06-23 14:50:29 --- Gateway Monitor Reset<br>
2021-06-23 14:39:16 --- Netherlands VPN went down<br>
2021-06-23 12:07:33 --- Gateway Monitor Reset<br>
2021-06-23 11:46:11 --- WANGW 75Mb went down<br>
2021-06-23 11:43:39 --- Netherlands VPN went down<br>
2021-06-23 11:35:17 --- WANTERTIARY_DHCP 20Mb went down<br>
2021-06-23 09:24:49 --- Gateway Monitor Reset<br>
2021-06-23 09:10:54 --- Netherlands VPN went down<br>
2021-06-23 03:22:03 --- Gateway Monitor Reset<br>
2021-06-23 03:08:49 --- WANGW 75Mb went down<br>
2021-06-23 03:08:38 --- Netherlands VPN went down<br>
2021-06-23 01:33:52 --- Gateway Monitor Reset<br>
2021-06-23 01:32:00 --- Netherlands VPN went down<br>
2021-06-23 00:34:40 --- Gateway Monitor Reset<br>
2021-06-23 00:06:38 --- Netherlands VPN went down<br>
2021-06-22 21:44:26 --- Gateway Monitor Reset<br>
2021-06-22 21:36:26 --- WANTERTIARY_DHCP 20Mb went down<br>
2021-06-22 16:55:27 --- Gateway Monitor Reset<br>
2021-06-22 16:26:17 --- Netherlands VPN went down<br>
2021-06-22 14:55:44 --- Gateway Monitor Reset<br>
2021-06-22 14:55:40 --- Gateway Monitor Reset<br>
2021-06-22 12:23:45 --- Netherlands VPN went down<br>
2021-06-22 11:45:46 --- WANGW 75Mb went down<br>
2021-06-22 11:45:38 --- Gateway Monitor Reset<br>
2021-06-22 11:40:15 --- WANGW 75Mb went down<br>
2021-06-22 11:35:51 --- Netherlands VPN went down<br>
2021-06-22 09:40:20 --- Gateway Monitor Reset<br>
2021-06-22 09:20:55 --- Netherlands VPN went down<br>
2021-06-22 06:43:23 --- Gateway Monitor Reset<br>
2021-06-22 04:08:35 --- WANGW 75Mb went down<br>
2021-06-22 02:17:17 --- Netherlands VPN went down<br>
2021-06-22 00:14:02 --- Gateway Monitor Reset<br>
2021-06-22 00:13:19 --- Netherlands VPN went down<br>
2021-06-21 22:33:08 --- Gateway Monitor Reset<br>
2021-06-21 22:18:44 --- WANGW 75Mb went down<br>
2021-06-21 22:17:23 --- Netherlands VPN went down<br>
2021-06-21 21:56:55 --- Gateway Monitor Reset<br>
2021-06-21 21:39:06 --- WANTERTIARY_DHCP 20Mb went down<br>
2021-06-21 20:26:28 --- Netherlands VPN went down<br>
2021-06-21 18:31:49 --- Gateway Monitor Reset<br>
2021-06-21 18:29:44 --- WANGW 75Mb went down<br>
2021-06-21 18:29:39 --- Netherlands VPN went down<br>
2021-06-21 17:33:22 --- Gateway Monitor Reset<br>
2021-06-21 17:18:15 --- WANTERTIARY_DHCP 20Mb went down<br>
2021-06-21 16:19:51 --- Gateway Monitor Reset<br>
2021-06-21 16:14:44 --- WANGW 75Mb went down<br>
2021-06-21 16:14:39 --- Netherlands VPN went down<br>
2021-06-21 13:26:26 --- Gateway Monitor Reset<br>
2021-06-21 13:23:16 --- WANGW 75Mb went down<br>
2021-06-21 13:23:16 --- Netherlands VPN went down<br>
2021-06-21 08:29:57 --- Gateway Monitor Reset<br>
2021-06-21 08:27:10 --- Netherlands VPN went down<br>
2021-06-21 06:20:25 --- Gateway Monitor Reset<br>
2021-06-21 05:32:37 --- Netherlands VPN went down<br>
2021-06-21 05:08:48 --- Gateway Monitor Reset<br>
2021-06-21 03:48:01 --- Netherlands VPN went down<br>
2021-06-21 01:57:04 --- Gateway Monitor Reset<br>
2021-06-21 01:55:46 --- Netherlands VPN went down<br>
2021-06-21 00:20:04 --- Gateway Monitor Reset<br>
2021-06-21 00:07:41 --- Gateway Monitor Reset<br>
2021-06-20 23:45:13 --- WANGW 75Mb went down<br>
2021-06-20 23:44:35 --- Netherlands VPN went down<br>
2021-06-20 23:21:08 --- Gateway Monitor Reset<br>
2021-06-20 23:20:23 --- Gateway Monitor Reset<br>
2021-06-20 23:14:16 --- WANTERTIARY_DHCP 20Mb went down<br>
2021-06-20 23:01:34 --- Log has been reset<br>
